2017-03-01 06:58:47.755 [main] WARN  org.springframework.boot.SpringApplication - Error handling failed (no error message)
2017-03-01 06:58:47.757 [main] ERROR org.springframework.boot.SpringApplication - Application startup failed
java.lang.IllegalStateException: Logback configuration error detected: 
ERROR in ch.qos.logback.core.joran.spi.Interpreter@51:16 - RuntimeException in Action for tag [appender] java.lang.IllegalStateException: DBAppender cannot function if the JDBC driver does not support getGeneratedKeys method *and* without a specific SQL dialect
	at org.springframework.boot.logging.logback.LogbackLoggingSystem.loadConfiguration(LogbackLoggingSystem.java:161)
	at org.springframework.boot.logging.logback.LogbackLoggingSystem.reinitialize(LogbackLoggingSystem.java:205)
	at org.springframework.boot.logging.AbstractLoggingSystem.initializeWithConventions(AbstractLoggingSystem.java:65)
	at org.springframework.boot.logging.AbstractLoggingSystem.initialize(AbstractLoggingSystem.java:50)
	at org.springframework.boot.logging.logback.LogbackLoggingSystem.initialize(LogbackLoggingSystem.java:114)
	at org.springframework.boot.logging.LoggingApplicationListener.initializeSystem(LoggingApplicationListener.java:299)
	at org.springframework.boot.logging.LoggingApplicationListener.initialize(LoggingApplicationListener.java:272)
	at org.springframework.boot.logging.LoggingApplicationListener.onApplicationEnvironmentPreparedEvent(LoggingApplicationListener.java:235)
	at org.springframework.boot.logging.LoggingApplicationListener.onApplicationEvent(LoggingApplicationListener.java:208)
	at org.springframework.context.event.SimpleApplicationEventMulticaster.invokeListener(SimpleApplicationEventMulticaster.java:166)
	at org.springframework.context.event.SimpleApplicationEventMulticaster.multicastEvent(SimpleApplicationEventMulticaster.java:138)
	at org.springframework.context.event.SimpleApplicationEventMulticaster.multicastEvent(SimpleApplicationEventMulticaster.java:121)
	at org.springframework.boot.context.event.EventPublishingRunListener.environmentPrepared(EventPublishingRunListener.java:68)
	at org.springframework.boot.SpringApplicationRunListeners.environmentPrepared(SpringApplicationRunListeners.java:54)
	at org.springframework.boot.SpringApplication.prepareEnvironment(SpringApplication.java:337)
	at org.springframework.boot.SpringApplication.run(SpringApplication.java:308)
	at org.springframework.boot.SpringApplication.run(SpringApplication.java:1186)
	at org.springframework.boot.SpringApplication.run(SpringApplication.java:1175)
	at com.gd.MaApplication.main(MaApplication.java:17)
	at sun.reflect.NativeMethodAccessorImpl.invoke0(Native Method)
	at sun.reflect.NativeMethodAccessorImpl.invoke(NativeMethodAccessorImpl.java:62)
	at sun.reflect.DelegatingMethodAccessorImpl.invoke(DelegatingMethodAccessorImpl.java:43)
	at java.lang.reflect.Method.invoke(Method.java:498)
	at com.intellij.rt.execution.application.AppMain.main(AppMain.java:147)
2017-03-01 06:59:03.573 [main] WARN  org.springframework.boot.SpringApplication - Error handling failed (no error message)
2017-03-01 06:59:03.576 [main] ERROR org.springframework.boot.SpringApplication - Application startup failed
java.lang.IllegalStateException: Logback configuration error detected: 
ERROR in ch.qos.logback.core.joran.spi.Interpreter@51:16 - RuntimeException in Action for tag [appender] java.lang.IllegalStateException: DBAppender cannot function if the JDBC driver does not support getGeneratedKeys method *and* without a specific SQL dialect
	at org.springframework.boot.logging.logback.LogbackLoggingSystem.loadConfiguration(LogbackLoggingSystem.java:161)
	at org.springframework.boot.logging.logback.LogbackLoggingSystem.reinitialize(LogbackLoggingSystem.java:205)
	at org.springframework.boot.logging.AbstractLoggingSystem.initializeWithConventions(AbstractLoggingSystem.java:65)
	at org.springframework.boot.logging.AbstractLoggingSystem.initialize(AbstractLoggingSystem.java:50)
	at org.springframework.boot.logging.logback.LogbackLoggingSystem.initialize(LogbackLoggingSystem.java:114)
	at org.springframework.boot.logging.LoggingApplicationListener.initializeSystem(LoggingApplicationListener.java:299)
	at org.springframework.boot.logging.LoggingApplicationListener.initialize(LoggingApplicationListener.java:272)
	at org.springframework.boot.logging.LoggingApplicationListener.onApplicationEnvironmentPreparedEvent(LoggingApplicationListener.java:235)
	at org.springframework.boot.logging.LoggingApplicationListener.onApplicationEvent(LoggingApplicationListener.java:208)
	at org.springframework.context.event.SimpleApplicationEventMulticaster.invokeListener(SimpleApplicationEventMulticaster.java:166)
	at org.springframework.context.event.SimpleApplicationEventMulticaster.multicastEvent(SimpleApplicationEventMulticaster.java:138)
	at org.springframework.context.event.SimpleApplicationEventMulticaster.multicastEvent(SimpleApplicationEventMulticaster.java:121)
	at org.springframework.boot.context.event.EventPublishingRunListener.environmentPrepared(EventPublishingRunListener.java:68)
	at org.springframework.boot.SpringApplicationRunListeners.environmentPrepared(SpringApplicationRunListeners.java:54)
	at org.springframework.boot.SpringApplication.prepareEnvironment(SpringApplication.java:337)
	at org.springframework.boot.SpringApplication.run(SpringApplication.java:308)
	at org.springframework.boot.SpringApplication.run(SpringApplication.java:1186)
	at org.springframework.boot.SpringApplication.run(SpringApplication.java:1175)
	at com.gd.MaApplication.main(MaApplication.java:17)
	at sun.reflect.NativeMethodAccessorImpl.invoke0(Native Method)
	at sun.reflect.NativeMethodAccessorImpl.invoke(NativeMethodAccessorImpl.java:62)
	at sun.reflect.DelegatingMethodAccessorImpl.invoke(DelegatingMethodAccessorImpl.java:43)
	at java.lang.reflect.Method.invoke(Method.java:498)
	at com.intellij.rt.execution.application.AppMain.main(AppMain.java:147)
2017-03-01 09:21:55.386 [main] WARN  org.springframework.boot.SpringApplication - Error handling failed (no error message)
2017-03-01 09:21:55.388 [main] ERROR org.springframework.boot.SpringApplication - Application startup failed
java.lang.IllegalStateException: Logback configuration error detected: 
ERROR in ch.qos.logback.core.joran.spi.Interpreter@51:16 - RuntimeException in Action for tag [appender] java.lang.IllegalStateException: DBAppender cannot function if the JDBC driver does not support getGeneratedKeys method *and* without a specific SQL dialect
	at org.springframework.boot.logging.logback.LogbackLoggingSystem.loadConfiguration(LogbackLoggingSystem.java:161)
	at org.springframework.boot.logging.logback.LogbackLoggingSystem.reinitialize(LogbackLoggingSystem.java:205)
	at org.springframework.boot.logging.AbstractLoggingSystem.initializeWithConventions(AbstractLoggingSystem.java:65)
	at org.springframework.boot.logging.AbstractLoggingSystem.initialize(AbstractLoggingSystem.java:50)
	at org.springframework.boot.logging.logback.LogbackLoggingSystem.initialize(LogbackLoggingSystem.java:114)
	at org.springframework.boot.logging.LoggingApplicationListener.initializeSystem(LoggingApplicationListener.java:299)
	at org.springframework.boot.logging.LoggingApplicationListener.initialize(LoggingApplicationListener.java:272)
	at org.springframework.boot.logging.LoggingApplicationListener.onApplicationEnvironmentPreparedEvent(LoggingApplicationListener.java:235)
	at org.springframework.boot.logging.LoggingApplicationListener.onApplicationEvent(LoggingApplicationListener.java:208)
	at org.springframework.context.event.SimpleApplicationEventMulticaster.invokeListener(SimpleApplicationEventMulticaster.java:166)
	at org.springframework.context.event.SimpleApplicationEventMulticaster.multicastEvent(SimpleApplicationEventMulticaster.java:138)
	at org.springframework.context.event.SimpleApplicationEventMulticaster.multicastEvent(SimpleApplicationEventMulticaster.java:121)
	at org.springframework.boot.context.event.EventPublishingRunListener.environmentPrepared(EventPublishingRunListener.java:68)
	at org.springframework.boot.SpringApplicationRunListeners.environmentPrepared(SpringApplicationRunListeners.java:54)
	at org.springframework.boot.SpringApplication.prepareEnvironment(SpringApplication.java:337)
	at org.springframework.boot.SpringApplication.run(SpringApplication.java:308)
	at org.springframework.boot.SpringApplication.run(SpringApplication.java:1186)
	at org.springframework.boot.SpringApplication.run(SpringApplication.java:1175)
	at com.gd.MaApplication.main(MaApplication.java:17)
	at sun.reflect.NativeMethodAccessorImpl.invoke0(Native Method)
	at sun.reflect.NativeMethodAccessorImpl.invoke(NativeMethodAccessorImpl.java:62)
	at sun.reflect.DelegatingMethodAccessorImpl.invoke(DelegatingMethodAccessorImpl.java:43)
	at java.lang.reflect.Method.invoke(Method.java:498)
	at com.intellij.rt.execution.application.AppMain.main(AppMain.java:147)
2017-03-01 09:33:56.827 [main] WARN  org.springframework.boot.SpringApplication - Error handling failed (no error message)
2017-03-01 09:33:56.830 [main] ERROR org.springframework.boot.SpringApplication - Application startup failed
java.lang.IllegalStateException: Logback configuration error detected: 
ERROR in ch.qos.logback.core.joran.spi.Interpreter@51:16 - RuntimeException in Action for tag [appender] java.lang.IllegalStateException: DBAppender cannot function if the JDBC driver does not support getGeneratedKeys method *and* without a specific SQL dialect
	at org.springframework.boot.logging.logback.LogbackLoggingSystem.loadConfiguration(LogbackLoggingSystem.java:161)
	at org.springframework.boot.logging.logback.LogbackLoggingSystem.reinitialize(LogbackLoggingSystem.java:205)
	at org.springframework.boot.logging.AbstractLoggingSystem.initializeWithConventions(AbstractLoggingSystem.java:65)
	at org.springframework.boot.logging.AbstractLoggingSystem.initialize(AbstractLoggingSystem.java:50)
	at org.springframework.boot.logging.logback.LogbackLoggingSystem.initialize(LogbackLoggingSystem.java:114)
	at org.springframework.boot.logging.LoggingApplicationListener.initializeSystem(LoggingApplicationListener.java:299)
	at org.springframework.boot.logging.LoggingApplicationListener.initialize(LoggingApplicationListener.java:272)
	at org.springframework.boot.logging.LoggingApplicationListener.onApplicationEnvironmentPreparedEvent(LoggingApplicationListener.java:235)
	at org.springframework.boot.logging.LoggingApplicationListener.onApplicationEvent(LoggingApplicationListener.java:208)
	at org.springframework.context.event.SimpleApplicationEventMulticaster.invokeListener(SimpleApplicationEventMulticaster.java:166)
	at org.springframework.context.event.SimpleApplicationEventMulticaster.multicastEvent(SimpleApplicationEventMulticaster.java:138)
	at org.springframework.context.event.SimpleApplicationEventMulticaster.multicastEvent(SimpleApplicationEventMulticaster.java:121)
	at org.springframework.boot.context.event.EventPublishingRunListener.environmentPrepared(EventPublishingRunListener.java:68)
	at org.springframework.boot.SpringApplicationRunListeners.environmentPrepared(SpringApplicationRunListeners.java:54)
	at org.springframework.boot.SpringApplication.prepareEnvironment(SpringApplication.java:337)
	at org.springframework.boot.SpringApplication.run(SpringApplication.java:308)
	at org.springframework.boot.SpringApplication.run(SpringApplication.java:1186)
	at org.springframework.boot.SpringApplication.run(SpringApplication.java:1175)
	at com.gd.MaApplication.main(MaApplication.java:17)
	at sun.reflect.NativeMethodAccessorImpl.invoke0(Native Method)
	at sun.reflect.NativeMethodAccessorImpl.invoke(NativeMethodAccessorImpl.java:62)
	at sun.reflect.DelegatingMethodAccessorImpl.invoke(DelegatingMethodAccessorImpl.java:43)
	at java.lang.reflect.Method.invoke(Method.java:498)
	at com.intellij.rt.execution.application.AppMain.main(AppMain.java:147)
2017-03-01 09:36:01.369 [main] WARN  org.springframework.boot.SpringApplication - Error handling failed (no error message)
2017-03-01 09:36:01.372 [main] ERROR org.springframework.boot.SpringApplication - Application startup failed
java.lang.IllegalStateException: Logback configuration error detected: 
ERROR in ch.qos.logback.core.joran.spi.Interpreter@51:16 - RuntimeException in Action for tag [appender] java.lang.IllegalStateException: DBAppender cannot function if the JDBC driver does not support getGeneratedKeys method *and* without a specific SQL dialect
	at org.springframework.boot.logging.logback.LogbackLoggingSystem.loadConfiguration(LogbackLoggingSystem.java:161)
	at org.springframework.boot.logging.logback.LogbackLoggingSystem.reinitialize(LogbackLoggingSystem.java:205)
	at org.springframework.boot.logging.AbstractLoggingSystem.initializeWithConventions(AbstractLoggingSystem.java:65)
	at org.springframework.boot.logging.AbstractLoggingSystem.initialize(AbstractLoggingSystem.java:50)
	at org.springframework.boot.logging.logback.LogbackLoggingSystem.initialize(LogbackLoggingSystem.java:114)
	at org.springframework.boot.logging.LoggingApplicationListener.initializeSystem(LoggingApplicationListener.java:299)
	at org.springframework.boot.logging.LoggingApplicationListener.initialize(LoggingApplicationListener.java:272)
	at org.springframework.boot.logging.LoggingApplicationListener.onApplicationEnvironmentPreparedEvent(LoggingApplicationListener.java:235)
	at org.springframework.boot.logging.LoggingApplicationListener.onApplicationEvent(LoggingApplicationListener.java:208)
	at org.springframework.context.event.SimpleApplicationEventMulticaster.invokeListener(SimpleApplicationEventMulticaster.java:166)
	at org.springframework.context.event.SimpleApplicationEventMulticaster.multicastEvent(SimpleApplicationEventMulticaster.java:138)
	at org.springframework.context.event.SimpleApplicationEventMulticaster.multicastEvent(SimpleApplicationEventMulticaster.java:121)
	at org.springframework.boot.context.event.EventPublishingRunListener.environmentPrepared(EventPublishingRunListener.java:68)
	at org.springframework.boot.SpringApplicationRunListeners.environmentPrepared(SpringApplicationRunListeners.java:54)
	at org.springframework.boot.SpringApplication.prepareEnvironment(SpringApplication.java:337)
	at org.springframework.boot.SpringApplication.run(SpringApplication.java:308)
	at org.springframework.boot.SpringApplication.run(SpringApplication.java:1186)
	at org.springframework.boot.SpringApplication.run(SpringApplication.java:1175)
	at com.gd.MaApplication.main(MaApplication.java:17)
	at sun.reflect.NativeMethodAccessorImpl.invoke0(Native Method)
	at sun.reflect.NativeMethodAccessorImpl.invoke(NativeMethodAccessorImpl.java:62)
	at sun.reflect.DelegatingMethodAccessorImpl.invoke(DelegatingMethodAccessorImpl.java:43)
	at java.lang.reflect.Method.invoke(Method.java:498)
	at com.intellij.rt.execution.application.AppMain.main(AppMain.java:147)
2017-03-01 09:37:24.873 [main] INFO  com.gd.MaApplication - Starting MaApplication on YH-20160825WIPY with PID 3932 (E:\ideaProject\command\target\classes started by Administrator in E:\ideaProject\command)
2017-03-01 09:37:24.921 [main] INFO  com.gd.MaApplication - No active profile set, falling back to default profiles: default
2017-03-01 09:37:25.114 [background-preinit] INFO  org.hibernate.validator.internal.util.Version - HV000001: Hibernate Validator 5.2.4.Final
2017-03-01 09:37:25.143 [main] INFO  o.s.b.c.e.AnnotationConfigEmbeddedWebApplicationContext - Refreshing org.springframework.boot.context.embedded.AnnotationConfigEmbeddedWebApplicationContext@15de0b3c: startup date [Wed Mar 01 09:37:25 CST 2017]; root of context hierarchy
2017-03-01 09:37:26.730 [main] INFO  o.s.c.s.PostProcessorRegistrationDelegate$BeanPostProcessorChecker - Bean 'org.springframework.transaction.annotation.ProxyTransactionManagementConfiguration' of type [class org.springframework.transaction.annotation.ProxyTransactionManagementConfiguration$$EnhancerBySpringCGLIB$$1f48e74a] is not eligible for getting processed by all BeanPostProcessors (for example: not eligible for auto-proxying)
2017-03-01 09:37:26.966 [main] INFO  o.s.c.s.PostProcessorRegistrationDelegate$BeanPostProcessorChecker - Bean 'org.springframework.cache.annotation.ProxyCachingConfiguration' of type [class org.springframework.cache.annotation.ProxyCachingConfiguration$$EnhancerBySpringCGLIB$$685b1d68] is not eligible for getting processed by all BeanPostProcessors (for example: not eligible for auto-proxying)
2017-03-01 09:37:27.537 [main] INFO  org.eclipse.jetty.util.log - Logging initialized @3645ms
2017-03-01 09:37:27.694 [main] INFO  o.s.b.c.e.j.JettyEmbeddedServletContainerFactory - Server initialized with port: 9090
2017-03-01 09:37:27.696 [main] INFO  org.eclipse.jetty.server.Server - jetty-9.3.14.v20161028
2017-03-01 09:37:27.831 [main] INFO  application - Initializing Spring embedded WebApplicationContext
2017-03-01 09:37:27.832 [main] INFO  org.springframework.web.context.ContextLoader - Root WebApplicationContext: initialization completed in 2689 ms
2017-03-01 09:37:28.194 [main] INFO  o.s.boot.web.servlet.FilterRegistrationBean - Mapping filter: 'characterEncodingFilter' to: [/*]
2017-03-01 09:37:28.194 [main] INFO  o.s.boot.web.servlet.FilterRegistrationBean - Mapping filter: 'hiddenHttpMethodFilter' to: [/*]
2017-03-01 09:37:28.194 [main] INFO  o.s.boot.web.servlet.FilterRegistrationBean - Mapping filter: 'httpPutFormContentFilter' to: [/*]
2017-03-01 09:37:28.194 [main] INFO  o.s.boot.web.servlet.FilterRegistrationBean - Mapping filter: 'requestContextFilter' to: [/*]
2017-03-01 09:37:28.195 [main] INFO  o.s.b.w.s.DelegatingFilterProxyRegistrationBean - Mapping filter: 'springSecurityFilterChain' to: [/*]
2017-03-01 09:37:28.195 [main] INFO  o.s.boot.web.servlet.ServletRegistrationBean - Mapping servlet: 'dispatcherServlet' to [/]
2017-03-01 09:37:28.390 [main] INFO  org.eclipse.jetty.server.handler.ContextHandler - Started o.s.b.c.e.j.JettyEmbeddedWebAppContext@4b515eab{/ma,file:///C:/Users/Administrator/AppData/Local/Temp/jetty-docbase.3140948241919944109.9090/,AVAILABLE}
2017-03-01 09:37:28.390 [main] INFO  org.eclipse.jetty.server.Server - Started @4498ms
2017-03-01 09:37:28.428 [main] INFO  o.s.cache.ehcache.EhCacheManagerFactoryBean - Initializing EhCache CacheManager
2017-03-01 09:37:31.231 [main] INFO  o.s.w.s.m.m.a.RequestMappingHandlerMapping - Mapped "{[/api/hello/hello]}" onto public java.lang.String com.gd.api.HelloController.hello()
2017-03-01 09:37:31.232 [main] INFO  o.s.w.s.m.m.a.RequestMappingHandlerMapping - Mapped "{[/account/all]}" onto public java.lang.String com.gd.controller.account.AccountController.getAllAccounts(java.security.Principal,javax.servlet.http.HttpServletRequest)
2017-03-01 09:37:31.232 [main] INFO  o.s.w.s.m.m.a.RequestMappingHandlerMapping - Mapped "{[/test/hello],methods=[GET]}" onto public java.lang.String com.gd.controller.hello.Hello.index(javax.servlet.http.HttpServletRequest)
2017-03-01 09:37:31.233 [main] INFO  o.s.w.s.m.m.a.RequestMappingHandlerMapping - Mapped "{[/index/login]}" onto public java.lang.String com.gd.controller.IndexController.index()
2017-03-01 09:37:31.233 [main] INFO  o.s.w.s.m.m.a.RequestMappingHandlerMapping - Mapped "{[/v2/api-docs],methods=[GET]}" onto public org.springframework.http.ResponseEntity<springfox.documentation.spring.web.json.Json> springfox.documentation.swagger2.web.Swagger2Controller.getDocumentation(java.lang.String)
2017-03-01 09:37:31.235 [main] INFO  o.s.w.s.m.m.a.RequestMappingHandlerMapping - Mapped "{[/swagger-resources]}" onto org.springframework.http.ResponseEntity<java.util.List<springfox.documentation.swagger.web.SwaggerResource>> springfox.documentation.swagger.web.ApiResourceController.swaggerResources()
2017-03-01 09:37:31.236 [main] INFO  o.s.w.s.m.m.a.RequestMappingHandlerMapping - Mapped "{[/configuration/ui]}" onto org.springframework.http.ResponseEntity<springfox.documentation.swagger.web.UiConfiguration> springfox.documentation.swagger.web.ApiResourceController.uiConfiguration()
2017-03-01 09:37:31.236 [main] INFO  o.s.w.s.m.m.a.RequestMappingHandlerMapping - Mapped "{[/configuration/security]}" onto org.springframework.http.ResponseEntity<springfox.documentation.swagger.web.SecurityConfiguration> springfox.documentation.swagger.web.ApiResourceController.securityConfiguration()
2017-03-01 09:37:31.238 [main] INFO  o.s.w.s.m.m.a.RequestMappingHandlerMapping - Mapped "{[/error]}" onto public org.springframework.http.ResponseEntity<java.util.Map<java.lang.String, java.lang.Object>> org.springframework.boot.autoconfigure.web.BasicErrorController.error(javax.servlet.http.HttpServletRequest)
2017-03-01 09:37:31.239 [main] INFO  o.s.w.s.m.m.a.RequestMappingHandlerMapping - Mapped "{[/error],produces=[text/html]}" onto public org.springframework.web.servlet.ModelAndView org.springframework.boot.autoconfigure.web.BasicErrorController.errorHtml(javax.servlet.http.HttpServletRequest,javax.servlet.http.HttpServletResponse)
2017-03-01 09:37:31.696 [main] INFO  o.s.security.web.DefaultSecurityFilterChain - Creating filter chain: Ant [pattern='/swagger-ui.html'], []
2017-03-01 09:37:31.697 [main] INFO  o.s.security.web.DefaultSecurityFilterChain - Creating filter chain: Ant [pattern='/swagger/**'], []
2017-03-01 09:37:31.697 [main] INFO  o.s.security.web.DefaultSecurityFilterChain - Creating filter chain: Ant [pattern='/v2/api-docs'], []
2017-03-01 09:37:31.697 [main] INFO  o.s.security.web.DefaultSecurityFilterChain - Creating filter chain: Ant [pattern='/webjars/**'], []
2017-03-01 09:37:31.697 [main] INFO  o.s.security.web.DefaultSecurityFilterChain - Creating filter chain: Ant [pattern='/swagger-resources/**'], []
2017-03-01 09:37:31.697 [main] INFO  o.s.security.web.DefaultSecurityFilterChain - Creating filter chain: Ant [pattern='/images/**'], []
2017-03-01 09:37:31.697 [main] INFO  o.s.security.web.DefaultSecurityFilterChain - Creating filter chain: Ant [pattern='/configuration/**'], []
2017-03-01 09:37:31.818 [main] INFO  o.s.security.web.DefaultSecurityFilterChain - Creating filter chain: org.springframework.security.web.util.matcher.AnyRequestMatcher@1, [org.springframework.security.web.context.request.async.WebAsyncManagerIntegrationFilter@3e18e693, org.springframework.security.web.context.SecurityContextPersistenceFilter@21d15932, org.springframework.security.web.header.HeaderWriterFilter@f5167f0, org.springframework.security.web.csrf.CsrfFilter@42c9b1ee, org.springframework.security.web.authentication.logout.LogoutFilter@29e3c28, org.springframework.security.web.authentication.www.BasicAuthenticationFilter@1002b06d, org.springframework.security.web.savedrequest.RequestCacheAwareFilter@5c7e55a4, org.springframework.security.web.servletapi.SecurityContextHolderAwareRequestFilter@48d464cf, org.springframework.security.web.session.SessionManagementFilter@2dbcee03, org.springframework.security.web.access.ExceptionTranslationFilter@736f8837, org.springframework.security.web.access.intercept.FilterSecurityInterceptor@6cbb6c41]
2017-03-01 09:37:32.003 [main] INFO  o.s.w.s.m.m.a.RequestMappingHandlerAdapter - Looking for @ControllerAdvice: org.springframework.boot.context.embedded.AnnotationConfigEmbeddedWebApplicationContext@15de0b3c: startup date [Wed Mar 01 09:37:25 CST 2017]; root of context hierarchy
2017-03-01 09:37:32.158 [main] INFO  o.s.web.servlet.handler.SimpleUrlHandlerMapping - Mapped URL path [/webjars/**] onto handler of type [class org.springframework.web.servlet.resource.ResourceHttpRequestHandler]
2017-03-01 09:37:32.158 [main] INFO  o.s.web.servlet.handler.SimpleUrlHandlerMapping - Mapped URL path [/**] onto handler of type [class org.springframework.web.servlet.resource.ResourceHttpRequestHandler]
2017-03-01 09:37:32.228 [main] INFO  o.s.web.servlet.handler.SimpleUrlHandlerMapping - Mapped URL path [/**/favicon.ico] onto handler of type [class org.springframework.web.servlet.resource.ResourceHttpRequestHandler]
2017-03-01 09:37:32.679 [main] INFO  o.s.ui.freemarker.SpringTemplateLoader - SpringTemplateLoader for FreeMarker: using resource loader [org.springframework.boot.context.embedded.AnnotationConfigEmbeddedWebApplicationContext@15de0b3c: startup date [Wed Mar 01 09:37:25 CST 2017]; root of context hierarchy] and template loader path [classpath:/templates/]
2017-03-01 09:37:32.679 [main] INFO  o.s.w.servlet.view.freemarker.FreeMarkerConfigurer - ClassTemplateLoader for Spring macros added to FreeMarker configuration
2017-03-01 09:37:33.004 [main] WARN  o.s.b.a.freemarker.FreeMarkerAutoConfiguration - Cannot find template location(s): [classpath:/templates/] (please add some templates, check your FreeMarker configuration, or set spring.freemarker.checkTemplateLocation=false)
2017-03-01 09:37:33.378 [main] INFO  o.s.jmx.export.annotation.AnnotationMBeanExporter - Registering beans for JMX exposure on startup
2017-03-01 09:37:33.379 [main] INFO  o.s.jmx.export.annotation.AnnotationMBeanExporter - Bean with name 'dataSource' has been autodetected for JMX exposure
2017-03-01 09:37:33.384 [main] INFO  o.s.jmx.export.annotation.AnnotationMBeanExporter - Located MBean 'dataSource': registering with JMX server as MBean [com.alibaba.druid.pool:name=dataSource,type=DruidDataSource]
2017-03-01 09:37:33.395 [main] INFO  s.d.s.web.plugins.DocumentationPluginsBootstrapper - Context refreshed
2017-03-01 09:37:33.414 [main] INFO  s.d.s.web.plugins.DocumentationPluginsBootstrapper - Found {0} custom documentation plugin(s)
2017-03-01 09:37:33.420 [main] INFO  s.d.spring.web.scanners.ApiListingReferenceScanner - Scanning for api listing references
2017-03-01 09:37:33.424 [main] INFO  s.d.s.web.ClassOrApiAnnotationResourceGrouping - Group for method getAllAccounts was account-controller
2017-03-01 09:37:33.425 [main] INFO  s.d.spring.web.scanners.ApiListingReferenceScanner - Request mapping: getAllAccounts belongs to groups: [[ResourceGroup{groupName='account-controller', position=0, controller=com.gd.controller.account.AccountController}]] 
2017-03-01 09:37:33.426 [main] INFO  s.d.s.web.ClassOrApiAnnotationResourceGrouping - Group for method index was index-controller
2017-03-01 09:37:33.427 [main] INFO  s.d.spring.web.scanners.ApiListingReferenceScanner - Request mapping: index belongs to groups: [[ResourceGroup{groupName='index-controller', position=0, controller=com.gd.controller.IndexController}]] 
2017-03-01 09:37:33.429 [main] INFO  s.d.spring.web.scanners.ApiListingReferenceScanner - Created resource listing Path: /default/account-controller Description: account-controller Position: 0
2017-03-01 09:37:33.430 [main] INFO  s.d.spring.web.scanners.ApiListingReferenceScanner - Created resource listing Path: /default/index-controller Description: index-controller Position: 0
2017-03-01 09:37:33.444 [main] INFO  s.documentation.schema.ModelContextKeyGenerator - Cache Key Generated: java.lang.String(true)
2017-03-01 09:37:33.444 [main] INFO  s.documentation.spring.web.caching.CachingAspect - Caching aspect applied for cache models with key java.lang.String(true)
2017-03-01 09:37:33.452 [main] INFO  s.documentation.schema.ModelContextKeyGenerator - Cache Key Generated: java.lang.String(true)
2017-03-01 09:37:33.452 [main] INFO  s.documentation.spring.web.caching.CachingAspect - Caching aspect applied for cache modelDependencies with key java.lang.String(true)
2017-03-01 09:37:33.459 [main] INFO  s.documentation.spring.web.OperationsKeyGenerator - Cache key generated: /account/all.com.gd.controller.account.AccountController.getAllAccounts.DefaultGenericTypeNamingStrategy
2017-03-01 09:37:33.459 [main] INFO  s.documentation.spring.web.caching.CachingAspect - Caching aspect applied for cache operations with key /account/all.com.gd.controller.account.AccountController.getAllAccounts.DefaultGenericTypeNamingStrategy
2017-03-01 09:37:33.473 [main] INFO  s.d.s.web.ClassOrApiAnnotationResourceGrouping - Group for method getAllAccounts was account-controller
2017-03-01 09:37:33.487 [main] INFO  s.d.s.web.ClassOrApiAnnotationResourceGrouping - Group for method getAllAccounts was account-controller
2017-03-01 09:37:33.492 [main] INFO  s.d.s.web.ClassOrApiAnnotationResourceGrouping - Group for method getAllAccounts was account-controller
2017-03-01 09:37:33.492 [main] INFO  s.d.s.web.ClassOrApiAnnotationResourceGrouping - Group for method getAllAccounts was account-controller
2017-03-01 09:37:33.493 [main] INFO  s.d.s.w.r.operation.CachingOperationNameGenerator - Generating unique operation named: getAllAccountsUsingGET_1
2017-03-01 09:37:33.494 [main] INFO  s.d.s.web.ClassOrApiAnnotationResourceGrouping - Group for method getAllAccounts was account-controller
2017-03-01 09:37:33.495 [main] INFO  s.d.s.web.ClassOrApiAnnotationResourceGrouping - Group for method getAllAccounts was account-controller
2017-03-01 09:37:33.495 [main] INFO  s.d.s.w.r.operation.CachingOperationNameGenerator - Generating unique operation named: getAllAccountsUsingGET_2
2017-03-01 09:37:33.496 [main] INFO  s.d.s.web.ClassOrApiAnnotationResourceGrouping - Group for method getAllAccounts was account-controller
2017-03-01 09:37:33.496 [main] INFO  s.d.s.web.ClassOrApiAnnotationResourceGrouping - Group for method getAllAccounts was account-controller
2017-03-01 09:37:33.497 [main] INFO  s.d.s.w.r.operation.CachingOperationNameGenerator - Generating unique operation named: getAllAccountsUsingGET_3
2017-03-01 09:37:33.498 [main] INFO  s.d.s.web.ClassOrApiAnnotationResourceGrouping - Group for method getAllAccounts was account-controller
2017-03-01 09:37:33.498 [main] INFO  s.d.s.web.ClassOrApiAnnotationResourceGrouping - Group for method getAllAccounts was account-controller
2017-03-01 09:37:33.499 [main] INFO  s.d.s.w.r.operation.CachingOperationNameGenerator - Generating unique operation named: getAllAccountsUsingGET_4
2017-03-01 09:37:33.499 [main] INFO  s.d.s.web.ClassOrApiAnnotationResourceGrouping - Group for method getAllAccounts was account-controller
2017-03-01 09:37:33.500 [main] INFO  s.d.s.web.ClassOrApiAnnotationResourceGrouping - Group for method getAllAccounts was account-controller
2017-03-01 09:37:33.500 [main] INFO  s.d.s.w.r.operation.CachingOperationNameGenerator - Generating unique operation named: getAllAccountsUsingGET_5
2017-03-01 09:37:33.501 [main] INFO  s.d.s.web.ClassOrApiAnnotationResourceGrouping - Group for method getAllAccounts was account-controller
2017-03-01 09:37:33.502 [main] INFO  s.d.s.web.ClassOrApiAnnotationResourceGrouping - Group for method getAllAccounts was account-controller
2017-03-01 09:37:33.502 [main] INFO  s.d.s.w.r.operation.CachingOperationNameGenerator - Generating unique operation named: getAllAccountsUsingGET_6
2017-03-01 09:37:33.503 [main] INFO  s.d.s.web.ClassOrApiAnnotationResourceGrouping - Group for method getAllAccounts was account-controller
2017-03-01 09:37:33.503 [main] INFO  s.d.s.web.ClassOrApiAnnotationResourceGrouping - Group for method getAllAccounts was account-controller
2017-03-01 09:37:33.504 [main] INFO  s.d.s.w.r.operation.CachingOperationNameGenerator - Generating unique operation named: getAllAccountsUsingGET_7
2017-03-01 09:37:33.510 [main] INFO  s.documentation.schema.ModelContextKeyGenerator - Cache Key Generated: java.lang.String(true)
2017-03-01 09:37:33.511 [main] INFO  s.documentation.spring.web.caching.CachingAspect - Caching aspect applied for cache models with key java.lang.String(true)
2017-03-01 09:37:33.511 [main] INFO  s.documentation.schema.ModelContextKeyGenerator - Cache Key Generated: java.lang.String(true)
2017-03-01 09:37:33.511 [main] INFO  s.documentation.spring.web.caching.CachingAspect - Caching aspect applied for cache modelDependencies with key java.lang.String(true)
2017-03-01 09:37:33.511 [main] INFO  s.documentation.spring.web.OperationsKeyGenerator - Cache key generated: /index/login.com.gd.controller.IndexController.index.DefaultGenericTypeNamingStrategy
2017-03-01 09:37:33.511 [main] INFO  s.documentation.spring.web.caching.CachingAspect - Caching aspect applied for cache operations with key /index/login.com.gd.controller.IndexController.index.DefaultGenericTypeNamingStrategy
2017-03-01 09:37:33.512 [main] INFO  s.d.s.web.ClassOrApiAnnotationResourceGrouping - Group for method index was index-controller
2017-03-01 09:37:33.513 [main] INFO  s.d.s.web.ClassOrApiAnnotationResourceGrouping - Group for method index was index-controller
2017-03-01 09:37:33.513 [main] INFO  s.d.s.web.ClassOrApiAnnotationResourceGrouping - Group for method index was index-controller
2017-03-01 09:37:33.514 [main] INFO  s.d.s.web.ClassOrApiAnnotationResourceGrouping - Group for method index was index-controller
2017-03-01 09:37:33.514 [main] INFO  s.d.s.web.ClassOrApiAnnotationResourceGrouping - Group for method index was index-controller
2017-03-01 09:37:33.515 [main] INFO  s.d.s.web.ClassOrApiAnnotationResourceGrouping - Group for method index was index-controller
2017-03-01 09:37:33.515 [main] INFO  s.d.s.web.ClassOrApiAnnotationResourceGrouping - Group for method index was index-controller
2017-03-01 09:37:33.516 [main] INFO  s.d.s.web.ClassOrApiAnnotationResourceGrouping - Group for method index was index-controller
2017-03-01 09:37:33.516 [main] INFO  s.d.s.web.ClassOrApiAnnotationResourceGrouping - Group for method index was index-controller
2017-03-01 09:37:33.517 [main] INFO  s.d.s.web.ClassOrApiAnnotationResourceGrouping - Group for method index was index-controller
2017-03-01 09:37:33.517 [main] INFO  s.d.s.web.ClassOrApiAnnotationResourceGrouping - Group for method index was index-controller
2017-03-01 09:37:33.518 [main] INFO  s.d.s.web.ClassOrApiAnnotationResourceGrouping - Group for method index was index-controller
2017-03-01 09:37:33.518 [main] INFO  s.d.s.web.ClassOrApiAnnotationResourceGrouping - Group for method index was index-controller
2017-03-01 09:37:33.519 [main] INFO  s.d.s.web.ClassOrApiAnnotationResourceGrouping - Group for method index was index-controller
2017-03-01 09:37:33.519 [main] INFO  s.d.s.web.ClassOrApiAnnotationResourceGrouping - Group for method index was index-controller
2017-03-01 09:37:33.520 [main] INFO  s.d.s.web.ClassOrApiAnnotationResourceGrouping - Group for method index was index-controller
2017-03-01 09:37:33.536 [main] INFO  application - Initializing Spring FrameworkServlet 'dispatcherServlet'
2017-03-01 09:37:33.536 [main] INFO  org.springframework.web.servlet.DispatcherServlet - FrameworkServlet 'dispatcherServlet': initialization started
2017-03-01 09:37:33.564 [main] INFO  org.springframework.web.servlet.DispatcherServlet - FrameworkServlet 'dispatcherServlet': initialization completed in 28 ms
2017-03-01 09:37:33.584 [main] INFO  org.eclipse.jetty.server.AbstractConnector - Started ServerConnector@7828bc6b{HTTP/1.1,[http/1.1]}{0.0.0.0:9090}
2017-03-01 09:37:33.586 [main] INFO  o.s.b.c.e.jetty.JettyEmbeddedServletContainer - Jetty started on port(s) 9090 (http/1.1)
2017-03-01 09:37:33.591 [main] INFO  com.gd.MaApplication - Started MaApplication in 9.341 seconds (JVM running for 9.698)
2017-03-01 09:38:09.804 [main] INFO  com.gd.MaApplication - Starting MaApplication on YH-20160825WIPY with PID 5408 (E:\ideaProject\command\target\classes started by Administrator in E:\ideaProject\command)
2017-03-01 09:38:09.804 [main] INFO  com.gd.MaApplication - No active profile set, falling back to default profiles: default
2017-03-01 09:38:09.857 [background-preinit] INFO  org.hibernate.validator.internal.util.Version - HV000001: Hibernate Validator 5.2.4.Final
2017-03-01 09:38:09.868 [main] INFO  o.s.b.c.e.AnnotationConfigEmbeddedWebApplicationContext - Refreshing org.springframework.boot.context.embedded.AnnotationConfigEmbeddedWebApplicationContext@3232a28a: startup date [Wed Mar 01 09:38:09 CST 2017]; root of context hierarchy
2017-03-01 09:38:11.363 [main] INFO  o.s.c.s.PostProcessorRegistrationDelegate$BeanPostProcessorChecker - Bean 'org.springframework.transaction.annotation.ProxyTransactionManagementConfiguration' of type [class org.springframework.transaction.annotation.ProxyTransactionManagementConfiguration$$EnhancerBySpringCGLIB$$47a38a13] is not eligible for getting processed by all BeanPostProcessors (for example: not eligible for auto-proxying)
2017-03-01 09:38:11.564 [main] INFO  o.s.c.s.PostProcessorRegistrationDelegate$BeanPostProcessorChecker - Bean 'org.springframework.cache.annotation.ProxyCachingConfiguration' of type [class org.springframework.cache.annotation.ProxyCachingConfiguration$$EnhancerBySpringCGLIB$$90b5c031] is not eligible for getting processed by all BeanPostProcessors (for example: not eligible for auto-proxying)
2017-03-01 09:38:12.177 [main] INFO  org.eclipse.jetty.util.log - Logging initialized @3483ms
2017-03-01 09:38:12.297 [main] INFO  o.s.b.c.e.j.JettyEmbeddedServletContainerFactory - Server initialized with port: 9090
2017-03-01 09:38:12.298 [main] INFO  org.eclipse.jetty.server.Server - jetty-9.3.14.v20161028
2017-03-01 09:38:12.383 [main] INFO  application - Initializing Spring embedded WebApplicationContext
2017-03-01 09:38:12.384 [main] INFO  org.springframework.web.context.ContextLoader - Root WebApplicationContext: initialization completed in 2515 ms
2017-03-01 09:38:12.750 [main] INFO  o.s.boot.web.servlet.FilterRegistrationBean - Mapping filter: 'characterEncodingFilter' to: [/*]
2017-03-01 09:38:12.750 [main] INFO  o.s.boot.web.servlet.FilterRegistrationBean - Mapping filter: 'hiddenHttpMethodFilter' to: [/*]
2017-03-01 09:38:12.750 [main] INFO  o.s.boot.web.servlet.FilterRegistrationBean - Mapping filter: 'httpPutFormContentFilter' to: [/*]
2017-03-01 09:38:12.751 [main] INFO  o.s.boot.web.servlet.FilterRegistrationBean - Mapping filter: 'requestContextFilter' to: [/*]
2017-03-01 09:38:12.752 [main] INFO  o.s.b.w.s.DelegatingFilterProxyRegistrationBean - Mapping filter: 'springSecurityFilterChain' to: [/*]
2017-03-01 09:38:12.752 [main] INFO  o.s.boot.web.servlet.ServletRegistrationBean - Mapping servlet: 'dispatcherServlet' to [/]
2017-03-01 09:38:13.013 [main] INFO  org.eclipse.jetty.server.handler.ContextHandler - Started o.s.b.c.e.j.JettyEmbeddedWebAppContext@6518fdfd{/ma,file:///C:/Users/Administrator/AppData/Local/Temp/jetty-docbase.3907640257644585524.9090/,AVAILABLE}
2017-03-01 09:38:13.013 [main] INFO  org.eclipse.jetty.server.Server - Started @4320ms
2017-03-01 09:38:13.050 [main] INFO  o.s.cache.ehcache.EhCacheManagerFactoryBean - Initializing EhCache CacheManager
2017-03-01 09:38:15.530 [main] INFO  o.s.w.s.m.m.a.RequestMappingHandlerMapping - Mapped "{[/api/hello/hello]}" onto public java.lang.String com.gd.api.HelloController.hello()
2017-03-01 09:38:15.532 [main] INFO  o.s.w.s.m.m.a.RequestMappingHandlerMapping - Mapped "{[/account/all]}" onto public java.lang.String com.gd.controller.account.AccountController.getAllAccounts(java.security.Principal,javax.servlet.http.HttpServletRequest)
2017-03-01 09:38:15.532 [main] INFO  o.s.w.s.m.m.a.RequestMappingHandlerMapping - Mapped "{[/test/hello],methods=[GET]}" onto public java.lang.String com.gd.controller.hello.Hello.index(javax.servlet.http.HttpServletRequest)
2017-03-01 09:38:15.533 [main] INFO  o.s.w.s.m.m.a.RequestMappingHandlerMapping - Mapped "{[/index/login]}" onto public java.lang.String com.gd.controller.IndexController.index()
2017-03-01 09:38:15.533 [main] INFO  o.s.w.s.m.m.a.RequestMappingHandlerMapping - Mapped "{[/v2/api-docs],methods=[GET]}" onto public org.springframework.http.ResponseEntity<springfox.documentation.spring.web.json.Json> springfox.documentation.swagger2.web.Swagger2Controller.getDocumentation(java.lang.String)
2017-03-01 09:38:15.535 [main] INFO  o.s.w.s.m.m.a.RequestMappingHandlerMapping - Mapped "{[/configuration/security]}" onto org.springframework.http.ResponseEntity<springfox.documentation.swagger.web.SecurityConfiguration> springfox.documentation.swagger.web.ApiResourceController.securityConfiguration()
2017-03-01 09:38:15.536 [main] INFO  o.s.w.s.m.m.a.RequestMappingHandlerMapping - Mapped "{[/swagger-resources]}" onto org.springframework.http.ResponseEntity<java.util.List<springfox.documentation.swagger.web.SwaggerResource>> springfox.documentation.swagger.web.ApiResourceController.swaggerResources()
2017-03-01 09:38:15.536 [main] INFO  o.s.w.s.m.m.a.RequestMappingHandlerMapping - Mapped "{[/configuration/ui]}" onto org.springframework.http.ResponseEntity<springfox.documentation.swagger.web.UiConfiguration> springfox.documentation.swagger.web.ApiResourceController.uiConfiguration()
2017-03-01 09:38:15.538 [main] INFO  o.s.w.s.m.m.a.RequestMappingHandlerMapping - Mapped "{[/error]}" onto public org.springframework.http.ResponseEntity<java.util.Map<java.lang.String, java.lang.Object>> org.springframework.boot.autoconfigure.web.BasicErrorController.error(javax.servlet.http.HttpServletRequest)
2017-03-01 09:38:15.539 [main] INFO  o.s.w.s.m.m.a.RequestMappingHandlerMapping - Mapped "{[/error],produces=[text/html]}" onto public org.springframework.web.servlet.ModelAndView org.springframework.boot.autoconfigure.web.BasicErrorController.errorHtml(javax.servlet.http.HttpServletRequest,javax.servlet.http.HttpServletResponse)
2017-03-01 09:38:16.023 [main] INFO  o.s.security.web.DefaultSecurityFilterChain - Creating filter chain: Ant [pattern='/swagger-ui.html'], []
2017-03-01 09:38:16.023 [main] INFO  o.s.security.web.DefaultSecurityFilterChain - Creating filter chain: Ant [pattern='/swagger/**'], []
2017-03-01 09:38:16.023 [main] INFO  o.s.security.web.DefaultSecurityFilterChain - Creating filter chain: Ant [pattern='/v2/api-docs'], []
2017-03-01 09:38:16.023 [main] INFO  o.s.security.web.DefaultSecurityFilterChain - Creating filter chain: Ant [pattern='/webjars/**'], []
2017-03-01 09:38:16.023 [main] INFO  o.s.security.web.DefaultSecurityFilterChain - Creating filter chain: Ant [pattern='/swagger-resources/**'], []
2017-03-01 09:38:16.023 [main] INFO  o.s.security.web.DefaultSecurityFilterChain - Creating filter chain: Ant [pattern='/images/**'], []
2017-03-01 09:38:16.023 [main] INFO  o.s.security.web.DefaultSecurityFilterChain - Creating filter chain: Ant [pattern='/configuration/**'], []
2017-03-01 09:38:16.140 [main] INFO  o.s.security.web.DefaultSecurityFilterChain - Creating filter chain: org.springframework.security.web.util.matcher.AnyRequestMatcher@1, [org.springframework.security.web.context.request.async.WebAsyncManagerIntegrationFilter@63062eea, org.springframework.security.web.context.SecurityContextPersistenceFilter@3450bd13, org.springframework.security.web.header.HeaderWriterFilter@18bc1064, org.springframework.security.web.csrf.CsrfFilter@1adf387e, org.springframework.security.web.authentication.logout.LogoutFilter@4229b92c, org.springframework.security.web.authentication.www.BasicAuthenticationFilter@7b6854b5, org.springframework.security.web.savedrequest.RequestCacheAwareFilter@5c78f456, org.springframework.security.web.servletapi.SecurityContextHolderAwareRequestFilter@22b10124, org.springframework.security.web.session.SessionManagementFilter@276aa33f, org.springframework.security.web.access.ExceptionTranslationFilter@4d90d91f, org.springframework.security.web.access.intercept.FilterSecurityInterceptor@29d563bd]
2017-03-01 09:38:16.323 [main] INFO  o.s.w.s.m.m.a.RequestMappingHandlerAdapter - Looking for @ControllerAdvice: org.springframework.boot.context.embedded.AnnotationConfigEmbeddedWebApplicationContext@3232a28a: startup date [Wed Mar 01 09:38:09 CST 2017]; root of context hierarchy
2017-03-01 09:38:16.507 [main] INFO  o.s.web.servlet.handler.SimpleUrlHandlerMapping - Mapped URL path [/webjars/**] onto handler of type [class org.springframework.web.servlet.resource.ResourceHttpRequestHandler]
2017-03-01 09:38:16.508 [main] INFO  o.s.web.servlet.handler.SimpleUrlHandlerMapping - Mapped URL path [/**] onto handler of type [class org.springframework.web.servlet.resource.ResourceHttpRequestHandler]
2017-03-01 09:38:16.573 [main] INFO  o.s.web.servlet.handler.SimpleUrlHandlerMapping - Mapped URL path [/**/favicon.ico] onto handler of type [class org.springframework.web.servlet.resource.ResourceHttpRequestHandler]
2017-03-01 09:38:16.946 [main] INFO  o.s.ui.freemarker.SpringTemplateLoader - SpringTemplateLoader for FreeMarker: using resource loader [org.springframework.boot.context.embedded.AnnotationConfigEmbeddedWebApplicationContext@3232a28a: startup date [Wed Mar 01 09:38:09 CST 2017]; root of context hierarchy] and template loader path [classpath:/templates/]
2017-03-01 09:38:16.947 [main] INFO  o.s.w.servlet.view.freemarker.FreeMarkerConfigurer - ClassTemplateLoader for Spring macros added to FreeMarker configuration
2017-03-01 09:38:17.297 [main] WARN  o.s.b.a.freemarker.FreeMarkerAutoConfiguration - Cannot find template location(s): [classpath:/templates/] (please add some templates, check your FreeMarker configuration, or set spring.freemarker.checkTemplateLocation=false)
2017-03-01 09:38:17.675 [main] INFO  o.s.jmx.export.annotation.AnnotationMBeanExporter - Registering beans for JMX exposure on startup
2017-03-01 09:38:17.676 [main] INFO  o.s.jmx.export.annotation.AnnotationMBeanExporter - Bean with name 'dataSource' has been autodetected for JMX exposure
2017-03-01 09:38:17.681 [main] INFO  o.s.jmx.export.annotation.AnnotationMBeanExporter - Located MBean 'dataSource': registering with JMX server as MBean [com.alibaba.druid.pool:name=dataSource,type=DruidDataSource]
2017-03-01 09:38:17.690 [main] INFO  s.d.s.web.plugins.DocumentationPluginsBootstrapper - Context refreshed
2017-03-01 09:38:17.709 [main] INFO  s.d.s.web.plugins.DocumentationPluginsBootstrapper - Found {0} custom documentation plugin(s)
2017-03-01 09:38:17.717 [main] INFO  s.d.spring.web.scanners.ApiListingReferenceScanner - Scanning for api listing references
2017-03-01 09:38:17.720 [main] INFO  s.d.s.web.ClassOrApiAnnotationResourceGrouping - Group for method getAllAccounts was account-controller
2017-03-01 09:38:17.722 [main] INFO  s.d.spring.web.scanners.ApiListingReferenceScanner - Request mapping: getAllAccounts belongs to groups: [[ResourceGroup{groupName='account-controller', position=0, controller=com.gd.controller.account.AccountController}]] 
2017-03-01 09:38:17.723 [main] INFO  s.d.s.web.ClassOrApiAnnotationResourceGrouping - Group for method index was index-controller
2017-03-01 09:38:17.723 [main] INFO  s.d.spring.web.scanners.ApiListingReferenceScanner - Request mapping: index belongs to groups: [[ResourceGroup{groupName='index-controller', position=0, controller=com.gd.controller.IndexController}]] 
2017-03-01 09:38:17.725 [main] INFO  s.d.spring.web.scanners.ApiListingReferenceScanner - Created resource listing Path: /default/account-controller Description: account-controller Position: 0
2017-03-01 09:38:17.726 [main] INFO  s.d.spring.web.scanners.ApiListingReferenceScanner - Created resource listing Path: /default/index-controller Description: index-controller Position: 0
2017-03-01 09:38:17.739 [main] INFO  s.documentation.schema.ModelContextKeyGenerator - Cache Key Generated: java.lang.String(true)
2017-03-01 09:38:17.740 [main] INFO  s.documentation.spring.web.caching.CachingAspect - Caching aspect applied for cache models with key java.lang.String(true)
2017-03-01 09:38:17.747 [main] INFO  s.documentation.schema.ModelContextKeyGenerator - Cache Key Generated: java.lang.String(true)
2017-03-01 09:38:17.747 [main] INFO  s.documentation.spring.web.caching.CachingAspect - Caching aspect applied for cache modelDependencies with key java.lang.String(true)
2017-03-01 09:38:17.753 [main] INFO  s.documentation.spring.web.OperationsKeyGenerator - Cache key generated: /account/all.com.gd.controller.account.AccountController.getAllAccounts.DefaultGenericTypeNamingStrategy
2017-03-01 09:38:17.753 [main] INFO  s.documentation.spring.web.caching.CachingAspect - Caching aspect applied for cache operations with key /account/all.com.gd.controller.account.AccountController.getAllAccounts.DefaultGenericTypeNamingStrategy
2017-03-01 09:38:17.767 [main] INFO  s.d.s.web.ClassOrApiAnnotationResourceGrouping - Group for method getAllAccounts was account-controller
2017-03-01 09:38:17.781 [main] INFO  s.d.s.web.ClassOrApiAnnotationResourceGrouping - Group for method getAllAccounts was account-controller
2017-03-01 09:38:17.786 [main] INFO  s.d.s.web.ClassOrApiAnnotationResourceGrouping - Group for method getAllAccounts was account-controller
2017-03-01 09:38:17.786 [main] INFO  s.d.s.web.ClassOrApiAnnotationResourceGrouping - Group for method getAllAccounts was account-controller
2017-03-01 09:38:17.787 [main] INFO  s.d.s.w.r.operation.CachingOperationNameGenerator - Generating unique operation named: getAllAccountsUsingGET_1
2017-03-01 09:38:17.788 [main] INFO  s.d.s.web.ClassOrApiAnnotationResourceGrouping - Group for method getAllAccounts was account-controller
2017-03-01 09:38:17.788 [main] INFO  s.d.s.web.ClassOrApiAnnotationResourceGrouping - Group for method getAllAccounts was account-controller
2017-03-01 09:38:17.788 [main] INFO  s.d.s.w.r.operation.CachingOperationNameGenerator - Generating unique operation named: getAllAccountsUsingGET_2
2017-03-01 09:38:17.789 [main] INFO  s.d.s.web.ClassOrApiAnnotationResourceGrouping - Group for method getAllAccounts was account-controller
2017-03-01 09:38:17.790 [main] INFO  s.d.s.web.ClassOrApiAnnotationResourceGrouping - Group for method getAllAccounts was account-controller
2017-03-01 09:38:17.790 [main] INFO  s.d.s.w.r.operation.CachingOperationNameGenerator - Generating unique operation named: getAllAccountsUsingGET_3
2017-03-01 09:38:17.791 [main] INFO  s.d.s.web.ClassOrApiAnnotationResourceGrouping - Group for method getAllAccounts was account-controller
2017-03-01 09:38:17.792 [main] INFO  s.d.s.web.ClassOrApiAnnotationResourceGrouping - Group for method getAllAccounts was account-controller
2017-03-01 09:38:17.792 [main] INFO  s.d.s.w.r.operation.CachingOperationNameGenerator - Generating unique operation named: getAllAccountsUsingGET_4
2017-03-01 09:38:17.793 [main] INFO  s.d.s.web.ClassOrApiAnnotationResourceGrouping - Group for method getAllAccounts was account-controller
2017-03-01 09:38:17.794 [main] INFO  s.d.s.web.ClassOrApiAnnotationResourceGrouping - Group for method getAllAccounts was account-controller
2017-03-01 09:38:17.794 [main] INFO  s.d.s.w.r.operation.CachingOperationNameGenerator - Generating unique operation named: getAllAccountsUsingGET_5
2017-03-01 09:38:17.795 [main] INFO  s.d.s.web.ClassOrApiAnnotationResourceGrouping - Group for method getAllAccounts was account-controller
2017-03-01 09:38:17.796 [main] INFO  s.d.s.web.ClassOrApiAnnotationResourceGrouping - Group for method getAllAccounts was account-controller
2017-03-01 09:38:17.796 [main] INFO  s.d.s.w.r.operation.CachingOperationNameGenerator - Generating unique operation named: getAllAccountsUsingGET_6
2017-03-01 09:38:17.797 [main] INFO  s.d.s.web.ClassOrApiAnnotationResourceGrouping - Group for method getAllAccounts was account-controller
2017-03-01 09:38:17.797 [main] INFO  s.d.s.web.ClassOrApiAnnotationResourceGrouping - Group for method getAllAccounts was account-controller
2017-03-01 09:38:17.798 [main] INFO  s.d.s.w.r.operation.CachingOperationNameGenerator - Generating unique operation named: getAllAccountsUsingGET_7
2017-03-01 09:38:17.804 [main] INFO  s.documentation.schema.ModelContextKeyGenerator - Cache Key Generated: java.lang.String(true)
2017-03-01 09:38:17.804 [main] INFO  s.documentation.spring.web.caching.CachingAspect - Caching aspect applied for cache models with key java.lang.String(true)
2017-03-01 09:38:17.804 [main] INFO  s.documentation.schema.ModelContextKeyGenerator - Cache Key Generated: java.lang.String(true)
2017-03-01 09:38:17.804 [main] INFO  s.documentation.spring.web.caching.CachingAspect - Caching aspect applied for cache modelDependencies with key java.lang.String(true)
2017-03-01 09:38:17.804 [main] INFO  s.documentation.spring.web.OperationsKeyGenerator - Cache key generated: /index/login.com.gd.controller.IndexController.index.DefaultGenericTypeNamingStrategy
2017-03-01 09:38:17.805 [main] INFO  s.documentation.spring.web.caching.CachingAspect - Caching aspect applied for cache operations with key /index/login.com.gd.controller.IndexController.index.DefaultGenericTypeNamingStrategy
2017-03-01 09:38:17.805 [main] INFO  s.d.s.web.ClassOrApiAnnotationResourceGrouping - Group for method index was index-controller
2017-03-01 09:38:17.806 [main] INFO  s.d.s.web.ClassOrApiAnnotationResourceGrouping - Group for method index was index-controller
2017-03-01 09:38:17.806 [main] INFO  s.d.s.web.ClassOrApiAnnotationResourceGrouping - Group for method index was index-controller
2017-03-01 09:38:17.807 [main] INFO  s.d.s.web.ClassOrApiAnnotationResourceGrouping - Group for method index was index-controller
2017-03-01 09:38:17.807 [main] INFO  s.d.s.web.ClassOrApiAnnotationResourceGrouping - Group for method index was index-controller
2017-03-01 09:38:17.808 [main] INFO  s.d.s.web.ClassOrApiAnnotationResourceGrouping - Group for method index was index-controller
2017-03-01 09:38:17.809 [main] INFO  s.d.s.web.ClassOrApiAnnotationResourceGrouping - Group for method index was index-controller
2017-03-01 09:38:17.809 [main] INFO  s.d.s.web.ClassOrApiAnnotationResourceGrouping - Group for method index was index-controller
2017-03-01 09:38:17.810 [main] INFO  s.d.s.web.ClassOrApiAnnotationResourceGrouping - Group for method index was index-controller
2017-03-01 09:38:17.810 [main] INFO  s.d.s.web.ClassOrApiAnnotationResourceGrouping - Group for method index was index-controller
2017-03-01 09:38:17.811 [main] INFO  s.d.s.web.ClassOrApiAnnotationResourceGrouping - Group for method index was index-controller
2017-03-01 09:38:17.811 [main] INFO  s.d.s.web.ClassOrApiAnnotationResourceGrouping - Group for method index was index-controller
2017-03-01 09:38:17.812 [main] INFO  s.d.s.web.ClassOrApiAnnotationResourceGrouping - Group for method index was index-controller
2017-03-01 09:38:17.812 [main] INFO  s.d.s.web.ClassOrApiAnnotationResourceGrouping - Group for method index was index-controller
2017-03-01 09:38:17.813 [main] INFO  s.d.s.web.ClassOrApiAnnotationResourceGrouping - Group for method index was index-controller
2017-03-01 09:38:17.813 [main] INFO  s.d.s.web.ClassOrApiAnnotationResourceGrouping - Group for method index was index-controller
2017-03-01 09:38:17.829 [main] INFO  application - Initializing Spring FrameworkServlet 'dispatcherServlet'
2017-03-01 09:38:17.829 [main] INFO  org.springframework.web.servlet.DispatcherServlet - FrameworkServlet 'dispatcherServlet': initialization started
2017-03-01 09:38:17.857 [main] INFO  org.springframework.web.servlet.DispatcherServlet - FrameworkServlet 'dispatcherServlet': initialization completed in 28 ms
2017-03-01 09:38:17.877 [main] INFO  org.eclipse.jetty.server.AbstractConnector - Started ServerConnector@6d2693f{HTTP/1.1,[http/1.1]}{0.0.0.0:9090}
2017-03-01 09:38:17.879 [main] INFO  o.s.b.c.e.jetty.JettyEmbeddedServletContainer - Jetty started on port(s) 9090 (http/1.1)
2017-03-01 09:38:17.882 [main] INFO  com.gd.MaApplication - Started MaApplication in 8.823 seconds (JVM running for 9.191)
2017-03-01 09:38:32.823 [main] INFO  com.gd.MaApplication - Starting MaApplication on YH-20160825WIPY with PID 5632 (E:\ideaProject\command\target\classes started by Administrator in E:\ideaProject\command)
2017-03-01 09:38:32.825 [main] INFO  com.gd.MaApplication - No active profile set, falling back to default profiles: default
2017-03-01 09:38:32.869 [background-preinit] INFO  org.hibernate.validator.internal.util.Version - HV000001: Hibernate Validator 5.2.4.Final
2017-03-01 09:38:32.932 [main] INFO  o.s.b.c.e.AnnotationConfigEmbeddedWebApplicationContext - Refreshing org.springframework.boot.context.embedded.AnnotationConfigEmbeddedWebApplicationContext@3232a28a: startup date [Wed Mar 01 09:38:32 CST 2017]; root of context hierarchy
2017-03-01 09:38:34.451 [main] INFO  o.s.c.s.PostProcessorRegistrationDelegate$BeanPostProcessorChecker - Bean 'org.springframework.transaction.annotation.ProxyTransactionManagementConfiguration' of type [class org.springframework.transaction.annotation.ProxyTransactionManagementConfiguration$$EnhancerBySpringCGLIB$$befed7fb] is not eligible for getting processed by all BeanPostProcessors (for example: not eligible for auto-proxying)
2017-03-01 09:38:34.655 [main] INFO  o.s.c.s.PostProcessorRegistrationDelegate$BeanPostProcessorChecker - Bean 'org.springframework.cache.annotation.ProxyCachingConfiguration' of type [class org.springframework.cache.annotation.ProxyCachingConfiguration$$EnhancerBySpringCGLIB$$8110e19] is not eligible for getting processed by all BeanPostProcessors (for example: not eligible for auto-proxying)
2017-03-01 09:38:35.218 [main] INFO  org.eclipse.jetty.util.log - Logging initialized @3534ms
2017-03-01 09:38:35.354 [main] INFO  o.s.b.c.e.j.JettyEmbeddedServletContainerFactory - Server initialized with port: 9090
2017-03-01 09:38:35.356 [main] INFO  org.eclipse.jetty.server.Server - jetty-9.3.14.v20161028
2017-03-01 09:38:35.436 [main] INFO  application - Initializing Spring embedded WebApplicationContext
2017-03-01 09:38:35.436 [main] INFO  org.springframework.web.context.ContextLoader - Root WebApplicationContext: initialization completed in 2504 ms
2017-03-01 09:38:35.806 [main] INFO  o.s.boot.web.servlet.FilterRegistrationBean - Mapping filter: 'characterEncodingFilter' to: [/*]
2017-03-01 09:38:35.807 [main] INFO  o.s.boot.web.servlet.FilterRegistrationBean - Mapping filter: 'hiddenHttpMethodFilter' to: [/*]
2017-03-01 09:38:35.807 [main] INFO  o.s.boot.web.servlet.FilterRegistrationBean - Mapping filter: 'httpPutFormContentFilter' to: [/*]
2017-03-01 09:38:35.807 [main] INFO  o.s.boot.web.servlet.FilterRegistrationBean - Mapping filter: 'requestContextFilter' to: [/*]
2017-03-01 09:38:35.808 [main] INFO  o.s.b.w.s.DelegatingFilterProxyRegistrationBean - Mapping filter: 'springSecurityFilterChain' to: [/*]
2017-03-01 09:38:35.808 [main] INFO  o.s.boot.web.servlet.ServletRegistrationBean - Mapping servlet: 'dispatcherServlet' to [/]
2017-03-01 09:38:36.075 [main] INFO  org.eclipse.jetty.server.handler.ContextHandler - Started o.s.b.c.e.j.JettyEmbeddedWebAppContext@3dc40ab9{/ma,file:///C:/Users/Administrator/AppData/Local/Temp/jetty-docbase.5042546954147366863.9090/,AVAILABLE}
2017-03-01 09:38:36.075 [main] INFO  org.eclipse.jetty.server.Server - Started @4391ms
2017-03-01 09:38:36.114 [main] INFO  o.s.cache.ehcache.EhCacheManagerFactoryBean - Initializing EhCache CacheManager
2017-03-01 09:38:38.785 [main] INFO  o.s.w.s.m.m.a.RequestMappingHandlerMapping - Mapped "{[/api/hello/hello]}" onto public java.lang.String com.gd.api.HelloController.hello()
2017-03-01 09:38:38.787 [main] INFO  o.s.w.s.m.m.a.RequestMappingHandlerMapping - Mapped "{[/account/all]}" onto public java.lang.String com.gd.controller.account.AccountController.getAllAccounts(java.security.Principal,javax.servlet.http.HttpServletRequest)
2017-03-01 09:38:38.787 [main] INFO  o.s.w.s.m.m.a.RequestMappingHandlerMapping - Mapped "{[/test/hello],methods=[GET]}" onto public java.lang.String com.gd.controller.hello.Hello.index(javax.servlet.http.HttpServletRequest)
2017-03-01 09:38:38.788 [main] INFO  o.s.w.s.m.m.a.RequestMappingHandlerMapping - Mapped "{[/index/login]}" onto public java.lang.String com.gd.controller.IndexController.index()
2017-03-01 09:38:38.788 [main] INFO  o.s.w.s.m.m.a.RequestMappingHandlerMapping - Mapped "{[/v2/api-docs],methods=[GET]}" onto public org.springframework.http.ResponseEntity<springfox.documentation.spring.web.json.Json> springfox.documentation.swagger2.web.Swagger2Controller.getDocumentation(java.lang.String)
2017-03-01 09:38:38.791 [main] INFO  o.s.w.s.m.m.a.RequestMappingHandlerMapping - Mapped "{[/configuration/security]}" onto org.springframework.http.ResponseEntity<springfox.documentation.swagger.web.SecurityConfiguration> springfox.documentation.swagger.web.ApiResourceController.securityConfiguration()
2017-03-01 09:38:38.791 [main] INFO  o.s.w.s.m.m.a.RequestMappingHandlerMapping - Mapped "{[/configuration/ui]}" onto org.springframework.http.ResponseEntity<springfox.documentation.swagger.web.UiConfiguration> springfox.documentation.swagger.web.ApiResourceController.uiConfiguration()
2017-03-01 09:38:38.791 [main] INFO  o.s.w.s.m.m.a.RequestMappingHandlerMapping - Mapped "{[/swagger-resources]}" onto org.springframework.http.ResponseEntity<java.util.List<springfox.documentation.swagger.web.SwaggerResource>> springfox.documentation.swagger.web.ApiResourceController.swaggerResources()
2017-03-01 09:38:38.794 [main] INFO  o.s.w.s.m.m.a.RequestMappingHandlerMapping - Mapped "{[/error]}" onto public org.springframework.http.ResponseEntity<java.util.Map<java.lang.String, java.lang.Object>> org.springframework.boot.autoconfigure.web.BasicErrorController.error(javax.servlet.http.HttpServletRequest)
2017-03-01 09:38:38.794 [main] INFO  o.s.w.s.m.m.a.RequestMappingHandlerMapping - Mapped "{[/error],produces=[text/html]}" onto public org.springframework.web.servlet.ModelAndView org.springframework.boot.autoconfigure.web.BasicErrorController.errorHtml(javax.servlet.http.HttpServletRequest,javax.servlet.http.HttpServletResponse)
2017-03-01 09:38:39.276 [main] INFO  o.s.security.web.DefaultSecurityFilterChain - Creating filter chain: Ant [pattern='/swagger-ui.html'], []
2017-03-01 09:38:39.276 [main] INFO  o.s.security.web.DefaultSecurityFilterChain - Creating filter chain: Ant [pattern='/swagger/**'], []
2017-03-01 09:38:39.276 [main] INFO  o.s.security.web.DefaultSecurityFilterChain - Creating filter chain: Ant [pattern='/v2/api-docs'], []
2017-03-01 09:38:39.276 [main] INFO  o.s.security.web.DefaultSecurityFilterChain - Creating filter chain: Ant [pattern='/webjars/**'], []
2017-03-01 09:38:39.276 [main] INFO  o.s.security.web.DefaultSecurityFilterChain - Creating filter chain: Ant [pattern='/swagger-resources/**'], []
2017-03-01 09:38:39.276 [main] INFO  o.s.security.web.DefaultSecurityFilterChain - Creating filter chain: Ant [pattern='/images/**'], []
2017-03-01 09:38:39.276 [main] INFO  o.s.security.web.DefaultSecurityFilterChain - Creating filter chain: Ant [pattern='/configuration/**'], []
2017-03-01 09:38:39.399 [main] INFO  o.s.security.web.DefaultSecurityFilterChain - Creating filter chain: org.springframework.security.web.util.matcher.AnyRequestMatcher@1, [org.springframework.security.web.context.request.async.WebAsyncManagerIntegrationFilter@7771c4e, org.springframework.security.web.context.SecurityContextPersistenceFilter@4cf15477, org.springframework.security.web.header.HeaderWriterFilter@7c45191e, org.springframework.security.web.csrf.CsrfFilter@34d5eac, org.springframework.security.web.authentication.logout.LogoutFilter@7e7391e8, org.springframework.security.web.authentication.www.BasicAuthenticationFilter@1896299b, org.springframework.security.web.savedrequest.RequestCacheAwareFilter@14c18a6a, org.springframework.security.web.servletapi.SecurityContextHolderAwareRequestFilter@35f35c59, org.springframework.security.web.session.SessionManagementFilter@490fbeaa, org.springframework.security.web.access.ExceptionTranslationFilter@770cbe5d, org.springframework.security.web.access.intercept.FilterSecurityInterceptor@7f53a31f]
2017-03-01 09:38:39.580 [main] INFO  o.s.w.s.m.m.a.RequestMappingHandlerAdapter - Looking for @ControllerAdvice: org.springframework.boot.context.embedded.AnnotationConfigEmbeddedWebApplicationContext@3232a28a: startup date [Wed Mar 01 09:38:32 CST 2017]; root of context hierarchy
2017-03-01 09:38:39.768 [main] INFO  o.s.web.servlet.handler.SimpleUrlHandlerMapping - Mapped URL path [/webjars/**] onto handler of type [class org.springframework.web.servlet.resource.ResourceHttpRequestHandler]
2017-03-01 09:38:39.768 [main] INFO  o.s.web.servlet.handler.SimpleUrlHandlerMapping - Mapped URL path [/**] onto handler of type [class org.springframework.web.servlet.resource.ResourceHttpRequestHandler]
2017-03-01 09:38:39.836 [main] INFO  o.s.web.servlet.handler.SimpleUrlHandlerMapping - Mapped URL path [/**/favicon.ico] onto handler of type [class org.springframework.web.servlet.resource.ResourceHttpRequestHandler]
2017-03-01 09:38:40.217 [main] INFO  o.s.ui.freemarker.SpringTemplateLoader - SpringTemplateLoader for FreeMarker: using resource loader [org.springframework.boot.context.embedded.AnnotationConfigEmbeddedWebApplicationContext@3232a28a: startup date [Wed Mar 01 09:38:32 CST 2017]; root of context hierarchy] and template loader path [classpath:/templates/]
2017-03-01 09:38:40.218 [main] INFO  o.s.w.servlet.view.freemarker.FreeMarkerConfigurer - ClassTemplateLoader for Spring macros added to FreeMarker configuration
2017-03-01 09:38:40.549 [main] WARN  o.s.b.a.freemarker.FreeMarkerAutoConfiguration - Cannot find template location(s): [classpath:/templates/] (please add some templates, check your FreeMarker configuration, or set spring.freemarker.checkTemplateLocation=false)
2017-03-01 09:38:40.981 [main] INFO  o.s.jmx.export.annotation.AnnotationMBeanExporter - Registering beans for JMX exposure on startup
2017-03-01 09:38:40.983 [main] INFO  o.s.jmx.export.annotation.AnnotationMBeanExporter - Bean with name 'dataSource' has been autodetected for JMX exposure
2017-03-01 09:38:40.988 [main] INFO  o.s.jmx.export.annotation.AnnotationMBeanExporter - Located MBean 'dataSource': registering with JMX server as MBean [com.alibaba.druid.pool:name=dataSource,type=DruidDataSource]
2017-03-01 09:38:40.998 [main] INFO  s.d.s.web.plugins.DocumentationPluginsBootstrapper - Context refreshed
2017-03-01 09:38:41.017 [main] INFO  s.d.s.web.plugins.DocumentationPluginsBootstrapper - Found {0} custom documentation plugin(s)
2017-03-01 09:38:41.024 [main] INFO  s.d.spring.web.scanners.ApiListingReferenceScanner - Scanning for api listing references
2017-03-01 09:38:41.028 [main] INFO  s.d.s.web.ClassOrApiAnnotationResourceGrouping - Group for method getAllAccounts was account-controller
2017-03-01 09:38:41.032 [main] INFO  s.d.spring.web.scanners.ApiListingReferenceScanner - Request mapping: getAllAccounts belongs to groups: [[ResourceGroup{groupName='account-controller', position=0, controller=com.gd.controller.account.AccountController}]] 
2017-03-01 09:38:41.033 [main] INFO  s.d.s.web.ClassOrApiAnnotationResourceGrouping - Group for method index was index-controller
2017-03-01 09:38:41.034 [main] INFO  s.d.spring.web.scanners.ApiListingReferenceScanner - Request mapping: index belongs to groups: [[ResourceGroup{groupName='index-controller', position=0, controller=com.gd.controller.IndexController}]] 
2017-03-01 09:38:41.037 [main] INFO  s.d.spring.web.scanners.ApiListingReferenceScanner - Created resource listing Path: /default/account-controller Description: account-controller Position: 0
2017-03-01 09:38:41.038 [main] INFO  s.d.spring.web.scanners.ApiListingReferenceScanner - Created resource listing Path: /default/index-controller Description: index-controller Position: 0
2017-03-01 09:38:41.052 [main] INFO  s.documentation.schema.ModelContextKeyGenerator - Cache Key Generated: java.lang.String(true)
2017-03-01 09:38:41.052 [main] INFO  s.documentation.spring.web.caching.CachingAspect - Caching aspect applied for cache models with key java.lang.String(true)
2017-03-01 09:38:41.061 [main] INFO  s.documentation.schema.ModelContextKeyGenerator - Cache Key Generated: java.lang.String(true)
2017-03-01 09:38:41.061 [main] INFO  s.documentation.spring.web.caching.CachingAspect - Caching aspect applied for cache modelDependencies with key java.lang.String(true)
2017-03-01 09:38:41.068 [main] INFO  s.documentation.spring.web.OperationsKeyGenerator - Cache key generated: /account/all.com.gd.controller.account.AccountController.getAllAccounts.DefaultGenericTypeNamingStrategy
2017-03-01 09:38:41.068 [main] INFO  s.documentation.spring.web.caching.CachingAspect - Caching aspect applied for cache operations with key /account/all.com.gd.controller.account.AccountController.getAllAccounts.DefaultGenericTypeNamingStrategy
2017-03-01 09:38:41.085 [main] INFO  s.d.s.web.ClassOrApiAnnotationResourceGrouping - Group for method getAllAccounts was account-controller
2017-03-01 09:38:41.108 [main] INFO  s.d.s.web.ClassOrApiAnnotationResourceGrouping - Group for method getAllAccounts was account-controller
2017-03-01 09:38:41.113 [main] INFO  s.d.s.web.ClassOrApiAnnotationResourceGrouping - Group for method getAllAccounts was account-controller
2017-03-01 09:38:41.114 [main] INFO  s.d.s.web.ClassOrApiAnnotationResourceGrouping - Group for method getAllAccounts was account-controller
2017-03-01 09:38:41.115 [main] INFO  s.d.s.w.r.operation.CachingOperationNameGenerator - Generating unique operation named: getAllAccountsUsingGET_1
2017-03-01 09:38:41.116 [main] INFO  s.d.s.web.ClassOrApiAnnotationResourceGrouping - Group for method getAllAccounts was account-controller
2017-03-01 09:38:41.116 [main] INFO  s.d.s.web.ClassOrApiAnnotationResourceGrouping - Group for method getAllAccounts was account-controller
2017-03-01 09:38:41.117 [main] INFO  s.d.s.w.r.operation.CachingOperationNameGenerator - Generating unique operation named: getAllAccountsUsingGET_2
2017-03-01 09:38:41.118 [main] INFO  s.d.s.web.ClassOrApiAnnotationResourceGrouping - Group for method getAllAccounts was account-controller
2017-03-01 09:38:41.118 [main] INFO  s.d.s.web.ClassOrApiAnnotationResourceGrouping - Group for method getAllAccounts was account-controller
2017-03-01 09:38:41.118 [main] INFO  s.d.s.w.r.operation.CachingOperationNameGenerator - Generating unique operation named: getAllAccountsUsingGET_3
2017-03-01 09:38:41.119 [main] INFO  s.d.s.web.ClassOrApiAnnotationResourceGrouping - Group for method getAllAccounts was account-controller
2017-03-01 09:38:41.120 [main] INFO  s.d.s.web.ClassOrApiAnnotationResourceGrouping - Group for method getAllAccounts was account-controller
2017-03-01 09:38:41.120 [main] INFO  s.d.s.w.r.operation.CachingOperationNameGenerator - Generating unique operation named: getAllAccountsUsingGET_4
2017-03-01 09:38:41.121 [main] INFO  s.d.s.web.ClassOrApiAnnotationResourceGrouping - Group for method getAllAccounts was account-controller
2017-03-01 09:38:41.122 [main] INFO  s.d.s.web.ClassOrApiAnnotationResourceGrouping - Group for method getAllAccounts was account-controller
2017-03-01 09:38:41.122 [main] INFO  s.d.s.w.r.operation.CachingOperationNameGenerator - Generating unique operation named: getAllAccountsUsingGET_5
2017-03-01 09:38:41.123 [main] INFO  s.d.s.web.ClassOrApiAnnotationResourceGrouping - Group for method getAllAccounts was account-controller
2017-03-01 09:38:41.123 [main] INFO  s.d.s.web.ClassOrApiAnnotationResourceGrouping - Group for method getAllAccounts was account-controller
2017-03-01 09:38:41.124 [main] INFO  s.d.s.w.r.operation.CachingOperationNameGenerator - Generating unique operation named: getAllAccountsUsingGET_6
2017-03-01 09:38:41.125 [main] INFO  s.d.s.web.ClassOrApiAnnotationResourceGrouping - Group for method getAllAccounts was account-controller
2017-03-01 09:38:41.125 [main] INFO  s.d.s.web.ClassOrApiAnnotationResourceGrouping - Group for method getAllAccounts was account-controller
2017-03-01 09:38:41.126 [main] INFO  s.d.s.w.r.operation.CachingOperationNameGenerator - Generating unique operation named: getAllAccountsUsingGET_7
2017-03-01 09:38:41.132 [main] INFO  s.documentation.schema.ModelContextKeyGenerator - Cache Key Generated: java.lang.String(true)
2017-03-01 09:38:41.132 [main] INFO  s.documentation.spring.web.caching.CachingAspect - Caching aspect applied for cache models with key java.lang.String(true)
2017-03-01 09:38:41.132 [main] INFO  s.documentation.schema.ModelContextKeyGenerator - Cache Key Generated: java.lang.String(true)
2017-03-01 09:38:41.132 [main] INFO  s.documentation.spring.web.caching.CachingAspect - Caching aspect applied for cache modelDependencies with key java.lang.String(true)
2017-03-01 09:38:41.132 [main] INFO  s.documentation.spring.web.OperationsKeyGenerator - Cache key generated: /index/login.com.gd.controller.IndexController.index.DefaultGenericTypeNamingStrategy
2017-03-01 09:38:41.133 [main] INFO  s.documentation.spring.web.caching.CachingAspect - Caching aspect applied for cache operations with key /index/login.com.gd.controller.IndexController.index.DefaultGenericTypeNamingStrategy
2017-03-01 09:38:41.133 [main] INFO  s.d.s.web.ClassOrApiAnnotationResourceGrouping - Group for method index was index-controller
2017-03-01 09:38:41.134 [main] INFO  s.d.s.web.ClassOrApiAnnotationResourceGrouping - Group for method index was index-controller
2017-03-01 09:38:41.134 [main] INFO  s.d.s.web.ClassOrApiAnnotationResourceGrouping - Group for method index was index-controller
2017-03-01 09:38:41.135 [main] INFO  s.d.s.web.ClassOrApiAnnotationResourceGrouping - Group for method index was index-controller
2017-03-01 09:38:41.135 [main] INFO  s.d.s.web.ClassOrApiAnnotationResourceGrouping - Group for method index was index-controller
2017-03-01 09:38:41.136 [main] INFO  s.d.s.web.ClassOrApiAnnotationResourceGrouping - Group for method index was index-controller
2017-03-01 09:38:41.136 [main] INFO  s.d.s.web.ClassOrApiAnnotationResourceGrouping - Group for method index was index-controller
2017-03-01 09:38:41.137 [main] INFO  s.d.s.web.ClassOrApiAnnotationResourceGrouping - Group for method index was index-controller
2017-03-01 09:38:41.137 [main] INFO  s.d.s.web.ClassOrApiAnnotationResourceGrouping - Group for method index was index-controller
2017-03-01 09:38:41.138 [main] INFO  s.d.s.web.ClassOrApiAnnotationResourceGrouping - Group for method index was index-controller
2017-03-01 09:38:41.138 [main] INFO  s.d.s.web.ClassOrApiAnnotationResourceGrouping - Group for method index was index-controller
2017-03-01 09:38:41.138 [main] INFO  s.d.s.web.ClassOrApiAnnotationResourceGrouping - Group for method index was index-controller
2017-03-01 09:38:41.139 [main] INFO  s.d.s.web.ClassOrApiAnnotationResourceGrouping - Group for method index was index-controller
2017-03-01 09:38:41.139 [main] INFO  s.d.s.web.ClassOrApiAnnotationResourceGrouping - Group for method index was index-controller
2017-03-01 09:38:41.140 [main] INFO  s.d.s.web.ClassOrApiAnnotationResourceGrouping - Group for method index was index-controller
2017-03-01 09:38:41.140 [main] INFO  s.d.s.web.ClassOrApiAnnotationResourceGrouping - Group for method index was index-controller
2017-03-01 09:38:41.156 [main] INFO  application - Initializing Spring FrameworkServlet 'dispatcherServlet'
2017-03-01 09:38:41.156 [main] INFO  org.springframework.web.servlet.DispatcherServlet - FrameworkServlet 'dispatcherServlet': initialization started
2017-03-01 09:38:41.185 [main] INFO  org.springframework.web.servlet.DispatcherServlet - FrameworkServlet 'dispatcherServlet': initialization completed in 29 ms
2017-03-01 09:38:41.196 [main] INFO  org.eclipse.jetty.server.AbstractConnector - Stopped ServerConnector@64864875{HTTP/1.1,[http/1.1]}{0.0.0.0:9090}
2017-03-01 09:38:41.198 [main] INFO  application - Destroying Spring FrameworkServlet 'dispatcherServlet'
2017-03-01 09:38:41.198 [main] INFO  org.eclipse.jetty.server.handler.ContextHandler - Stopped o.s.b.c.e.j.JettyEmbeddedWebAppContext@3dc40ab9{/ma,file:///C:/Users/Administrator/AppData/Local/Temp/jetty-docbase.5042546954147366863.9090/,UNAVAILABLE}
2017-03-01 09:38:41.201 [main] INFO  o.s.b.a.l.AutoConfigurationReportLoggingInitializer - 

Error starting ApplicationContext. To display the auto-configuration report re-run your application with 'debug' enabled.
2017-03-01 09:38:41.205 [main] ERROR o.s.b.diagnostics.LoggingFailureAnalysisReporter - 

***************************
APPLICATION FAILED TO START
***************************

Description:

Embedded servlet container failed to start. Port 9090 was already in use.

Action:

Identify and stop the process that's listening on port 9090 or configure this application to listen on another port.

2017-03-01 09:38:41.206 [main] INFO  o.s.b.c.e.AnnotationConfigEmbeddedWebApplicationContext - Closing org.springframework.boot.context.embedded.AnnotationConfigEmbeddedWebApplicationContext@3232a28a: startup date [Wed Mar 01 09:38:32 CST 2017]; root of context hierarchy
2017-03-01 09:38:41.208 [main] INFO  o.s.jmx.export.annotation.AnnotationMBeanExporter - Unregistering JMX-exposed beans on shutdown
2017-03-01 09:38:41.208 [main] INFO  o.s.jmx.export.annotation.AnnotationMBeanExporter - Unregistering JMX-exposed beans
2017-03-01 09:38:41.211 [main] INFO  o.s.cache.ehcache.EhCacheManagerFactoryBean - Shutting down EhCache CacheManager
