2017-03-09 02:15:42.551 [main] INFO  com.gd.MaApplication - Starting MaApplication on YH-20160825WIPY with PID 586036 (E:\ideaProject\command\target\classes started by Administrator in E:\ideaProject\command)
2017-03-09 02:15:42.554 [main] INFO  com.gd.MaApplication - No active profile set, falling back to default profiles: default
2017-03-09 02:15:42.725 [background-preinit] INFO  org.hibernate.validator.internal.util.Version - HV000001: Hibernate Validator 5.2.4.Final
2017-03-09 02:15:42.754 [main] INFO  o.s.b.c.e.AnnotationConfigEmbeddedWebApplicationContext - Refreshing org.springframework.boot.context.embedded.AnnotationConfigEmbeddedWebApplicationContext@3232a28a: startup date [Thu Mar 09 02:15:42 CST 2017]; root of context hierarchy
2017-03-09 02:15:44.304 [main] INFO  o.s.c.s.PostProcessorRegistrationDelegate$BeanPostProcessorChecker - Bean 'org.springframework.transaction.annotation.ProxyTransactionManagementConfiguration' of type [class org.springframework.transaction.annotation.ProxyTransactionManagementConfiguration$$EnhancerBySpringCGLIB$$ba5a4d75] is not eligible for getting processed by all BeanPostProcessors (for example: not eligible for auto-proxying)
2017-03-09 02:15:44.509 [main] INFO  o.s.c.s.PostProcessorRegistrationDelegate$BeanPostProcessorChecker - Bean 'org.springframework.cache.annotation.ProxyCachingConfiguration' of type [class org.springframework.cache.annotation.ProxyCachingConfiguration$$EnhancerBySpringCGLIB$$36c8393] is not eligible for getting processed by all BeanPostProcessors (for example: not eligible for auto-proxying)
2017-03-09 02:15:45.050 [main] INFO  org.eclipse.jetty.util.log - Logging initialized @3634ms
2017-03-09 02:15:45.179 [main] INFO  o.s.b.c.e.j.JettyEmbeddedServletContainerFactory - Server initialized with port: 9090
2017-03-09 02:15:45.181 [main] INFO  org.eclipse.jetty.server.Server - jetty-9.3.14.v20161028
2017-03-09 02:15:45.269 [main] INFO  application - Initializing Spring embedded WebApplicationContext
2017-03-09 02:15:45.269 [main] INFO  org.springframework.web.context.ContextLoader - Root WebApplicationContext: initialization completed in 2515 ms
2017-03-09 02:15:45.661 [main] INFO  o.s.boot.web.servlet.FilterRegistrationBean - Mapping filter: 'characterEncodingFilter' to: [/*]
2017-03-09 02:15:45.661 [main] INFO  o.s.boot.web.servlet.FilterRegistrationBean - Mapping filter: 'hiddenHttpMethodFilter' to: [/*]
2017-03-09 02:15:45.661 [main] INFO  o.s.boot.web.servlet.FilterRegistrationBean - Mapping filter: 'httpPutFormContentFilter' to: [/*]
2017-03-09 02:15:45.661 [main] INFO  o.s.boot.web.servlet.FilterRegistrationBean - Mapping filter: 'requestContextFilter' to: [/*]
2017-03-09 02:15:45.662 [main] INFO  o.s.b.w.s.DelegatingFilterProxyRegistrationBean - Mapping filter: 'springSecurityFilterChain' to: [/*]
2017-03-09 02:15:45.662 [main] INFO  o.s.boot.web.servlet.ServletRegistrationBean - Mapping servlet: 'dispatcherServlet' to [/]
2017-03-09 02:15:45.987 [main] INFO  org.eclipse.jetty.server.handler.ContextHandler - Started o.s.b.c.e.j.JettyEmbeddedWebAppContext@78b7f805{/ma,file:///C:/Users/Administrator/AppData/Local/Temp/jetty-docbase.7156525817968678365.9090/,AVAILABLE}
2017-03-09 02:15:45.987 [main] INFO  org.eclipse.jetty.server.Server - Started @4571ms
2017-03-09 02:15:46.025 [main] INFO  o.s.cache.ehcache.EhCacheManagerFactoryBean - Initializing EhCache CacheManager
2017-03-09 02:15:48.666 [main] INFO  o.s.w.s.m.m.a.RequestMappingHandlerMapping - Mapped "{[/api/hello/hello]}" onto public java.lang.String com.gd.api.HelloController.hello()
2017-03-09 02:15:48.667 [main] INFO  o.s.w.s.m.m.a.RequestMappingHandlerMapping - Mapped "{[/account/all]}" onto public java.lang.String com.gd.controller.account.AccountController.getAllAccounts(java.security.Principal,javax.servlet.http.HttpServletRequest)
2017-03-09 02:15:48.668 [main] INFO  o.s.w.s.m.m.a.RequestMappingHandlerMapping - Mapped "{[/test/hello],methods=[GET]}" onto public java.lang.String com.gd.controller.hello.Hello.index(javax.servlet.http.HttpServletRequest)
2017-03-09 02:15:48.668 [main] INFO  o.s.w.s.m.m.a.RequestMappingHandlerMapping - Mapped "{[/index/login]}" onto public java.lang.String com.gd.controller.IndexController.index()
2017-03-09 02:15:48.670 [main] INFO  o.s.w.s.m.m.a.RequestMappingHandlerMapping - Mapped "{[/userinfo/all]}" onto public java.lang.String com.gd.controller.userinfo.UserinfoController.getAllUserInfo(java.security.Principal,javax.servlet.http.HttpServletRequest,javax.servlet.http.HttpServletResponse)
2017-03-09 02:15:48.670 [main] INFO  o.s.w.s.m.m.a.RequestMappingHandlerMapping - Mapped "{[/userinfo/insertUserInfo],methods=[POST]}" onto public java.lang.String com.gd.controller.userinfo.UserinfoController.insertUserInfo(java.security.Principal,javax.servlet.http.HttpServletRequest,com.gd.domain.userinfo.UserInfo)
2017-03-09 02:15:48.670 [main] INFO  o.s.w.s.m.m.a.RequestMappingHandlerMapping - Mapped "{[/userinfo/updateUserInfo],methods=[POST]}" onto public java.lang.String com.gd.controller.userinfo.UserinfoController.updateUserInfo(java.security.Principal,javax.servlet.http.HttpServletRequest,com.gd.domain.userinfo.UserInfo)
2017-03-09 02:15:48.670 [main] INFO  o.s.w.s.m.m.a.RequestMappingHandlerMapping - Mapped "{[/userinfo/deleteUserInfo],methods=[GET]}" onto public java.lang.String com.gd.controller.userinfo.UserinfoController.deleteUserInfo(java.security.Principal,javax.servlet.http.HttpServletRequest,java.lang.String)
2017-03-09 02:15:48.671 [main] INFO  o.s.w.s.m.m.a.RequestMappingHandlerMapping - Mapped "{[/v2/api-docs],methods=[GET]}" onto public org.springframework.http.ResponseEntity<springfox.documentation.spring.web.json.Json> springfox.documentation.swagger2.web.Swagger2Controller.getDocumentation(java.lang.String)
2017-03-09 02:15:48.674 [main] INFO  o.s.w.s.m.m.a.RequestMappingHandlerMapping - Mapped "{[/configuration/security]}" onto org.springframework.http.ResponseEntity<springfox.documentation.swagger.web.SecurityConfiguration> springfox.documentation.swagger.web.ApiResourceController.securityConfiguration()
2017-03-09 02:15:48.675 [main] INFO  o.s.w.s.m.m.a.RequestMappingHandlerMapping - Mapped "{[/swagger-resources]}" onto org.springframework.http.ResponseEntity<java.util.List<springfox.documentation.swagger.web.SwaggerResource>> springfox.documentation.swagger.web.ApiResourceController.swaggerResources()
2017-03-09 02:15:48.675 [main] INFO  o.s.w.s.m.m.a.RequestMappingHandlerMapping - Mapped "{[/configuration/ui]}" onto org.springframework.http.ResponseEntity<springfox.documentation.swagger.web.UiConfiguration> springfox.documentation.swagger.web.ApiResourceController.uiConfiguration()
2017-03-09 02:15:48.677 [main] INFO  o.s.w.s.m.m.a.RequestMappingHandlerMapping - Mapped "{[/error]}" onto public org.springframework.http.ResponseEntity<java.util.Map<java.lang.String, java.lang.Object>> org.springframework.boot.autoconfigure.web.BasicErrorController.error(javax.servlet.http.HttpServletRequest)
2017-03-09 02:15:48.678 [main] INFO  o.s.w.s.m.m.a.RequestMappingHandlerMapping - Mapped "{[/error],produces=[text/html]}" onto public org.springframework.web.servlet.ModelAndView org.springframework.boot.autoconfigure.web.BasicErrorController.errorHtml(javax.servlet.http.HttpServletRequest,javax.servlet.http.HttpServletResponse)
2017-03-09 02:15:49.171 [main] INFO  o.s.security.web.DefaultSecurityFilterChain - Creating filter chain: Ant [pattern='/swagger-ui.html'], []
2017-03-09 02:15:49.171 [main] INFO  o.s.security.web.DefaultSecurityFilterChain - Creating filter chain: Ant [pattern='/swagger/**'], []
2017-03-09 02:15:49.171 [main] INFO  o.s.security.web.DefaultSecurityFilterChain - Creating filter chain: Ant [pattern='/v2/api-docs'], []
2017-03-09 02:15:49.171 [main] INFO  o.s.security.web.DefaultSecurityFilterChain - Creating filter chain: Ant [pattern='/webjars/**'], []
2017-03-09 02:15:49.171 [main] INFO  o.s.security.web.DefaultSecurityFilterChain - Creating filter chain: Ant [pattern='/swagger-resources/**'], []
2017-03-09 02:15:49.171 [main] INFO  o.s.security.web.DefaultSecurityFilterChain - Creating filter chain: Ant [pattern='/images/**'], []
2017-03-09 02:15:49.171 [main] INFO  o.s.security.web.DefaultSecurityFilterChain - Creating filter chain: Ant [pattern='/configuration/**'], []
2017-03-09 02:15:49.294 [main] INFO  o.s.security.web.DefaultSecurityFilterChain - Creating filter chain: org.springframework.security.web.util.matcher.AnyRequestMatcher@1, [org.springframework.security.web.context.request.async.WebAsyncManagerIntegrationFilter@7253c53, org.springframework.security.web.context.SecurityContextPersistenceFilter@1c681761, org.springframework.security.web.header.HeaderWriterFilter@6f36e806, org.springframework.security.web.authentication.logout.LogoutFilter@58d79479, org.springframework.security.web.authentication.www.BasicAuthenticationFilter@54ed249f, org.springframework.security.web.savedrequest.RequestCacheAwareFilter@1eab0700, org.springframework.security.web.servletapi.SecurityContextHolderAwareRequestFilter@31dd0e2e, org.springframework.security.web.session.SessionManagementFilter@37344d31, org.springframework.security.web.access.ExceptionTranslationFilter@23e0c200, org.springframework.security.web.access.intercept.FilterSecurityInterceptor@4769537a]
2017-03-09 02:15:49.523 [main] INFO  o.s.w.s.m.m.a.RequestMappingHandlerAdapter - Looking for @ControllerAdvice: org.springframework.boot.context.embedded.AnnotationConfigEmbeddedWebApplicationContext@3232a28a: startup date [Thu Mar 09 02:15:42 CST 2017]; root of context hierarchy
2017-03-09 02:15:49.679 [main] INFO  o.s.web.servlet.handler.SimpleUrlHandlerMapping - Mapped URL path [/webjars/**] onto handler of type [class org.springframework.web.servlet.resource.ResourceHttpRequestHandler]
2017-03-09 02:15:49.679 [main] INFO  o.s.web.servlet.handler.SimpleUrlHandlerMapping - Mapped URL path [/**] onto handler of type [class org.springframework.web.servlet.resource.ResourceHttpRequestHandler]
2017-03-09 02:15:49.746 [main] INFO  o.s.web.servlet.handler.SimpleUrlHandlerMapping - Mapped URL path [/**/favicon.ico] onto handler of type [class org.springframework.web.servlet.resource.ResourceHttpRequestHandler]
2017-03-09 02:15:50.120 [main] INFO  o.s.ui.freemarker.SpringTemplateLoader - SpringTemplateLoader for FreeMarker: using resource loader [org.springframework.boot.context.embedded.AnnotationConfigEmbeddedWebApplicationContext@3232a28a: startup date [Thu Mar 09 02:15:42 CST 2017]; root of context hierarchy] and template loader path [classpath:/templates/]
2017-03-09 02:15:50.121 [main] INFO  o.s.w.servlet.view.freemarker.FreeMarkerConfigurer - ClassTemplateLoader for Spring macros added to FreeMarker configuration
2017-03-09 02:15:50.446 [main] WARN  o.s.b.a.freemarker.FreeMarkerAutoConfiguration - Cannot find template location(s): [classpath:/templates/] (please add some templates, check your FreeMarker configuration, or set spring.freemarker.checkTemplateLocation=false)
2017-03-09 02:15:50.859 [main] INFO  o.s.jmx.export.annotation.AnnotationMBeanExporter - Registering beans for JMX exposure on startup
2017-03-09 02:15:50.860 [main] INFO  o.s.jmx.export.annotation.AnnotationMBeanExporter - Bean with name 'dataSource' has been autodetected for JMX exposure
2017-03-09 02:15:50.866 [main] INFO  o.s.jmx.export.annotation.AnnotationMBeanExporter - Located MBean 'dataSource': registering with JMX server as MBean [com.alibaba.druid.pool:name=dataSource,type=DruidDataSource]
2017-03-09 02:15:50.875 [main] INFO  s.d.s.web.plugins.DocumentationPluginsBootstrapper - Context refreshed
2017-03-09 02:15:50.894 [main] INFO  s.d.s.web.plugins.DocumentationPluginsBootstrapper - Found {0} custom documentation plugin(s)
2017-03-09 02:15:50.900 [main] INFO  s.d.spring.web.scanners.ApiListingReferenceScanner - Scanning for api listing references
2017-03-09 02:15:50.904 [main] INFO  s.d.s.web.ClassOrApiAnnotationResourceGrouping - Group for method getAllAccounts was account-controller
2017-03-09 02:15:50.905 [main] INFO  s.d.spring.web.scanners.ApiListingReferenceScanner - Request mapping: getAllAccounts belongs to groups: [[ResourceGroup{groupName='account-controller', position=0, controller=com.gd.controller.account.AccountController}]] 
2017-03-09 02:15:50.906 [main] INFO  s.d.s.web.ClassOrApiAnnotationResourceGrouping - Group for method index was index-controller
2017-03-09 02:15:50.907 [main] INFO  s.d.spring.web.scanners.ApiListingReferenceScanner - Request mapping: index belongs to groups: [[ResourceGroup{groupName='index-controller', position=0, controller=com.gd.controller.IndexController}]] 
2017-03-09 02:15:50.907 [main] INFO  s.d.s.web.ClassOrApiAnnotationResourceGrouping - Group for method getAllUserInfo was userinfo-controller
2017-03-09 02:15:50.908 [main] INFO  s.d.spring.web.scanners.ApiListingReferenceScanner - Request mapping: getAllUserInfo belongs to groups: [[ResourceGroup{groupName='userinfo-controller', position=0, controller=com.gd.controller.userinfo.UserinfoController}]] 
2017-03-09 02:15:50.908 [main] INFO  s.d.s.web.ClassOrApiAnnotationResourceGrouping - Group for method deleteUserInfo was userinfo-controller
2017-03-09 02:15:50.908 [main] INFO  s.d.spring.web.scanners.ApiListingReferenceScanner - Request mapping: deleteUserInfo belongs to groups: [[ResourceGroup{groupName='userinfo-controller', position=0, controller=com.gd.controller.userinfo.UserinfoController}]] 
2017-03-09 02:15:50.909 [main] INFO  s.d.s.web.ClassOrApiAnnotationResourceGrouping - Group for method insertUserInfo was userinfo-controller
2017-03-09 02:15:50.909 [main] INFO  s.d.spring.web.scanners.ApiListingReferenceScanner - Request mapping: insertUserInfo belongs to groups: [[ResourceGroup{groupName='userinfo-controller', position=0, controller=com.gd.controller.userinfo.UserinfoController}]] 
2017-03-09 02:15:50.910 [main] INFO  s.d.s.web.ClassOrApiAnnotationResourceGrouping - Group for method updateUserInfo was userinfo-controller
2017-03-09 02:15:50.910 [main] INFO  s.d.spring.web.scanners.ApiListingReferenceScanner - Request mapping: updateUserInfo belongs to groups: [[ResourceGroup{groupName='userinfo-controller', position=0, controller=com.gd.controller.userinfo.UserinfoController}]] 
2017-03-09 02:15:50.913 [main] INFO  s.d.spring.web.scanners.ApiListingReferenceScanner - Created resource listing Path: /default/account-controller Description: account-controller Position: 0
2017-03-09 02:15:50.914 [main] INFO  s.d.spring.web.scanners.ApiListingReferenceScanner - Created resource listing Path: /default/index-controller Description: index-controller Position: 0
2017-03-09 02:15:50.914 [main] INFO  s.d.spring.web.scanners.ApiListingReferenceScanner - Created resource listing Path: /default/userinfo-controller Description: userinfo-controller Position: 0
2017-03-09 02:15:50.929 [main] INFO  s.documentation.schema.ModelContextKeyGenerator - Cache Key Generated: java.lang.String(true)
2017-03-09 02:15:50.930 [main] INFO  s.documentation.spring.web.caching.CachingAspect - Caching aspect applied for cache models with key java.lang.String(true)
2017-03-09 02:15:50.938 [main] INFO  s.documentation.schema.ModelContextKeyGenerator - Cache Key Generated: java.lang.String(true)
2017-03-09 02:15:50.938 [main] INFO  s.documentation.spring.web.caching.CachingAspect - Caching aspect applied for cache modelDependencies with key java.lang.String(true)
2017-03-09 02:15:50.944 [main] INFO  s.documentation.spring.web.OperationsKeyGenerator - Cache key generated: /account/all.com.gd.controller.account.AccountController.getAllAccounts.DefaultGenericTypeNamingStrategy
2017-03-09 02:15:50.944 [main] INFO  s.documentation.spring.web.caching.CachingAspect - Caching aspect applied for cache operations with key /account/all.com.gd.controller.account.AccountController.getAllAccounts.DefaultGenericTypeNamingStrategy
2017-03-09 02:15:50.959 [main] INFO  s.d.s.web.ClassOrApiAnnotationResourceGrouping - Group for method getAllAccounts was account-controller
2017-03-09 02:15:50.973 [main] INFO  s.d.s.web.ClassOrApiAnnotationResourceGrouping - Group for method getAllAccounts was account-controller
2017-03-09 02:15:50.978 [main] INFO  s.d.s.web.ClassOrApiAnnotationResourceGrouping - Group for method getAllAccounts was account-controller
2017-03-09 02:15:50.979 [main] INFO  s.d.s.web.ClassOrApiAnnotationResourceGrouping - Group for method getAllAccounts was account-controller
2017-03-09 02:15:50.980 [main] INFO  s.d.s.w.r.operation.CachingOperationNameGenerator - Generating unique operation named: getAllAccountsUsingGET_1
2017-03-09 02:15:50.981 [main] INFO  s.d.s.web.ClassOrApiAnnotationResourceGrouping - Group for method getAllAccounts was account-controller
2017-03-09 02:15:50.981 [main] INFO  s.d.s.web.ClassOrApiAnnotationResourceGrouping - Group for method getAllAccounts was account-controller
2017-03-09 02:15:50.982 [main] INFO  s.d.s.w.r.operation.CachingOperationNameGenerator - Generating unique operation named: getAllAccountsUsingGET_2
2017-03-09 02:15:50.983 [main] INFO  s.d.s.web.ClassOrApiAnnotationResourceGrouping - Group for method getAllAccounts was account-controller
2017-03-09 02:15:50.983 [main] INFO  s.d.s.web.ClassOrApiAnnotationResourceGrouping - Group for method getAllAccounts was account-controller
2017-03-09 02:15:50.983 [main] INFO  s.d.s.w.r.operation.CachingOperationNameGenerator - Generating unique operation named: getAllAccountsUsingGET_3
2017-03-09 02:15:50.984 [main] INFO  s.d.s.web.ClassOrApiAnnotationResourceGrouping - Group for method getAllAccounts was account-controller
2017-03-09 02:15:50.985 [main] INFO  s.d.s.web.ClassOrApiAnnotationResourceGrouping - Group for method getAllAccounts was account-controller
2017-03-09 02:15:50.985 [main] INFO  s.d.s.w.r.operation.CachingOperationNameGenerator - Generating unique operation named: getAllAccountsUsingGET_4
2017-03-09 02:15:50.986 [main] INFO  s.d.s.web.ClassOrApiAnnotationResourceGrouping - Group for method getAllAccounts was account-controller
2017-03-09 02:15:50.986 [main] INFO  s.d.s.web.ClassOrApiAnnotationResourceGrouping - Group for method getAllAccounts was account-controller
2017-03-09 02:15:50.987 [main] INFO  s.d.s.w.r.operation.CachingOperationNameGenerator - Generating unique operation named: getAllAccountsUsingGET_5
2017-03-09 02:15:50.988 [main] INFO  s.d.s.web.ClassOrApiAnnotationResourceGrouping - Group for method getAllAccounts was account-controller
2017-03-09 02:15:50.989 [main] INFO  s.d.s.web.ClassOrApiAnnotationResourceGrouping - Group for method getAllAccounts was account-controller
2017-03-09 02:15:50.990 [main] INFO  s.d.s.w.r.operation.CachingOperationNameGenerator - Generating unique operation named: getAllAccountsUsingGET_6
2017-03-09 02:15:50.991 [main] INFO  s.d.s.web.ClassOrApiAnnotationResourceGrouping - Group for method getAllAccounts was account-controller
2017-03-09 02:15:50.992 [main] INFO  s.d.s.web.ClassOrApiAnnotationResourceGrouping - Group for method getAllAccounts was account-controller
2017-03-09 02:15:50.992 [main] INFO  s.d.s.w.r.operation.CachingOperationNameGenerator - Generating unique operation named: getAllAccountsUsingGET_7
2017-03-09 02:15:50.999 [main] INFO  s.documentation.schema.ModelContextKeyGenerator - Cache Key Generated: java.lang.String(true)
2017-03-09 02:15:50.999 [main] INFO  s.documentation.spring.web.caching.CachingAspect - Caching aspect applied for cache models with key java.lang.String(true)
2017-03-09 02:15:50.999 [main] INFO  s.documentation.schema.ModelContextKeyGenerator - Cache Key Generated: java.lang.String(true)
2017-03-09 02:15:50.999 [main] INFO  s.documentation.spring.web.caching.CachingAspect - Caching aspect applied for cache modelDependencies with key java.lang.String(true)
2017-03-09 02:15:50.999 [main] INFO  s.documentation.spring.web.OperationsKeyGenerator - Cache key generated: /index/login.com.gd.controller.IndexController.index.DefaultGenericTypeNamingStrategy
2017-03-09 02:15:50.999 [main] INFO  s.documentation.spring.web.caching.CachingAspect - Caching aspect applied for cache operations with key /index/login.com.gd.controller.IndexController.index.DefaultGenericTypeNamingStrategy
2017-03-09 02:15:51.000 [main] INFO  s.d.s.web.ClassOrApiAnnotationResourceGrouping - Group for method index was index-controller
2017-03-09 02:15:51.000 [main] INFO  s.d.s.web.ClassOrApiAnnotationResourceGrouping - Group for method index was index-controller
2017-03-09 02:15:51.001 [main] INFO  s.d.s.web.ClassOrApiAnnotationResourceGrouping - Group for method index was index-controller
2017-03-09 02:15:51.001 [main] INFO  s.d.s.web.ClassOrApiAnnotationResourceGrouping - Group for method index was index-controller
2017-03-09 02:15:51.002 [main] INFO  s.d.s.web.ClassOrApiAnnotationResourceGrouping - Group for method index was index-controller
2017-03-09 02:15:51.002 [main] INFO  s.d.s.web.ClassOrApiAnnotationResourceGrouping - Group for method index was index-controller
2017-03-09 02:15:51.003 [main] INFO  s.d.s.web.ClassOrApiAnnotationResourceGrouping - Group for method index was index-controller
2017-03-09 02:15:51.003 [main] INFO  s.d.s.web.ClassOrApiAnnotationResourceGrouping - Group for method index was index-controller
2017-03-09 02:15:51.004 [main] INFO  s.d.s.web.ClassOrApiAnnotationResourceGrouping - Group for method index was index-controller
2017-03-09 02:15:51.004 [main] INFO  s.d.s.web.ClassOrApiAnnotationResourceGrouping - Group for method index was index-controller
2017-03-09 02:15:51.005 [main] INFO  s.d.s.web.ClassOrApiAnnotationResourceGrouping - Group for method index was index-controller
2017-03-09 02:15:51.005 [main] INFO  s.d.s.web.ClassOrApiAnnotationResourceGrouping - Group for method index was index-controller
2017-03-09 02:15:51.006 [main] INFO  s.d.s.web.ClassOrApiAnnotationResourceGrouping - Group for method index was index-controller
2017-03-09 02:15:51.006 [main] INFO  s.d.s.web.ClassOrApiAnnotationResourceGrouping - Group for method index was index-controller
2017-03-09 02:15:51.007 [main] INFO  s.d.s.web.ClassOrApiAnnotationResourceGrouping - Group for method index was index-controller
2017-03-09 02:15:51.007 [main] INFO  s.d.s.web.ClassOrApiAnnotationResourceGrouping - Group for method index was index-controller
2017-03-09 02:15:51.012 [main] INFO  s.documentation.schema.ModelContextKeyGenerator - Cache Key Generated: java.lang.String(true)
2017-03-09 02:15:51.012 [main] INFO  s.documentation.spring.web.caching.CachingAspect - Caching aspect applied for cache models with key java.lang.String(true)
2017-03-09 02:15:51.012 [main] INFO  s.documentation.schema.ModelContextKeyGenerator - Cache Key Generated: java.lang.String(true)
2017-03-09 02:15:51.013 [main] INFO  s.documentation.spring.web.caching.CachingAspect - Caching aspect applied for cache modelDependencies with key java.lang.String(true)
2017-03-09 02:15:51.013 [main] INFO  s.documentation.spring.web.OperationsKeyGenerator - Cache key generated: /userinfo/deleteUserInfo.com.gd.controller.userinfo.UserinfoController.deleteUserInfo.DefaultGenericTypeNamingStrategy
2017-03-09 02:15:51.013 [main] INFO  s.documentation.spring.web.caching.CachingAspect - Caching aspect applied for cache operations with key /userinfo/deleteUserInfo.com.gd.controller.userinfo.UserinfoController.deleteUserInfo.DefaultGenericTypeNamingStrategy
2017-03-09 02:15:51.017 [main] INFO  s.d.s.web.ClassOrApiAnnotationResourceGrouping - Group for method deleteUserInfo was userinfo-controller
2017-03-09 02:15:51.018 [main] INFO  s.d.s.web.ClassOrApiAnnotationResourceGrouping - Group for method deleteUserInfo was userinfo-controller
2017-03-09 02:15:51.019 [main] INFO  s.documentation.schema.ModelContextKeyGenerator - Cache Key Generated: java.lang.String(true)
2017-03-09 02:15:51.019 [main] INFO  s.documentation.spring.web.caching.CachingAspect - Caching aspect applied for cache models with key java.lang.String(true)
2017-03-09 02:15:51.019 [main] INFO  s.documentation.schema.ModelContextKeyGenerator - Cache Key Generated: java.lang.String(true)
2017-03-09 02:15:51.019 [main] INFO  s.documentation.spring.web.caching.CachingAspect - Caching aspect applied for cache modelDependencies with key java.lang.String(true)
2017-03-09 02:15:51.020 [main] INFO  s.documentation.spring.web.OperationsKeyGenerator - Cache key generated: /userinfo/all.com.gd.controller.userinfo.UserinfoController.getAllUserInfo.DefaultGenericTypeNamingStrategy
2017-03-09 02:15:51.020 [main] INFO  s.documentation.spring.web.caching.CachingAspect - Caching aspect applied for cache operations with key /userinfo/all.com.gd.controller.userinfo.UserinfoController.getAllUserInfo.DefaultGenericTypeNamingStrategy
2017-03-09 02:15:51.021 [main] INFO  s.d.s.web.ClassOrApiAnnotationResourceGrouping - Group for method getAllUserInfo was userinfo-controller
2017-03-09 02:15:51.022 [main] INFO  s.d.s.web.ClassOrApiAnnotationResourceGrouping - Group for method getAllUserInfo was userinfo-controller
2017-03-09 02:15:51.024 [main] INFO  s.d.s.web.ClassOrApiAnnotationResourceGrouping - Group for method getAllUserInfo was userinfo-controller
2017-03-09 02:15:51.024 [main] INFO  s.d.s.web.ClassOrApiAnnotationResourceGrouping - Group for method getAllUserInfo was userinfo-controller
2017-03-09 02:15:51.025 [main] INFO  s.d.s.w.r.operation.CachingOperationNameGenerator - Generating unique operation named: getAllUserInfoUsingGET_1
2017-03-09 02:15:51.026 [main] INFO  s.d.s.web.ClassOrApiAnnotationResourceGrouping - Group for method getAllUserInfo was userinfo-controller
2017-03-09 02:15:51.026 [main] INFO  s.d.s.web.ClassOrApiAnnotationResourceGrouping - Group for method getAllUserInfo was userinfo-controller
2017-03-09 02:15:51.027 [main] INFO  s.d.s.w.r.operation.CachingOperationNameGenerator - Generating unique operation named: getAllUserInfoUsingGET_2
2017-03-09 02:15:51.028 [main] INFO  s.d.s.web.ClassOrApiAnnotationResourceGrouping - Group for method getAllUserInfo was userinfo-controller
2017-03-09 02:15:51.029 [main] INFO  s.d.s.web.ClassOrApiAnnotationResourceGrouping - Group for method getAllUserInfo was userinfo-controller
2017-03-09 02:15:51.029 [main] INFO  s.d.s.w.r.operation.CachingOperationNameGenerator - Generating unique operation named: getAllUserInfoUsingGET_3
2017-03-09 02:15:51.030 [main] INFO  s.d.s.web.ClassOrApiAnnotationResourceGrouping - Group for method getAllUserInfo was userinfo-controller
2017-03-09 02:15:51.031 [main] INFO  s.d.s.web.ClassOrApiAnnotationResourceGrouping - Group for method getAllUserInfo was userinfo-controller
2017-03-09 02:15:51.031 [main] INFO  s.d.s.w.r.operation.CachingOperationNameGenerator - Generating unique operation named: getAllUserInfoUsingGET_4
2017-03-09 02:15:51.032 [main] INFO  s.d.s.web.ClassOrApiAnnotationResourceGrouping - Group for method getAllUserInfo was userinfo-controller
2017-03-09 02:15:51.033 [main] INFO  s.d.s.web.ClassOrApiAnnotationResourceGrouping - Group for method getAllUserInfo was userinfo-controller
2017-03-09 02:15:51.033 [main] INFO  s.d.s.w.r.operation.CachingOperationNameGenerator - Generating unique operation named: getAllUserInfoUsingGET_5
2017-03-09 02:15:51.034 [main] INFO  s.d.s.web.ClassOrApiAnnotationResourceGrouping - Group for method getAllUserInfo was userinfo-controller
2017-03-09 02:15:51.035 [main] INFO  s.d.s.web.ClassOrApiAnnotationResourceGrouping - Group for method getAllUserInfo was userinfo-controller
2017-03-09 02:15:51.035 [main] INFO  s.d.s.w.r.operation.CachingOperationNameGenerator - Generating unique operation named: getAllUserInfoUsingGET_6
2017-03-09 02:15:51.036 [main] INFO  s.d.s.web.ClassOrApiAnnotationResourceGrouping - Group for method getAllUserInfo was userinfo-controller
2017-03-09 02:15:51.037 [main] INFO  s.d.s.web.ClassOrApiAnnotationResourceGrouping - Group for method getAllUserInfo was userinfo-controller
2017-03-09 02:15:51.037 [main] INFO  s.d.s.w.r.operation.CachingOperationNameGenerator - Generating unique operation named: getAllUserInfoUsingGET_7
2017-03-09 02:15:51.038 [main] INFO  s.documentation.schema.ModelContextKeyGenerator - Cache Key Generated: java.lang.String(true)
2017-03-09 02:15:51.038 [main] INFO  s.documentation.spring.web.caching.CachingAspect - Caching aspect applied for cache models with key java.lang.String(true)
2017-03-09 02:15:51.039 [main] INFO  s.documentation.schema.ModelContextKeyGenerator - Cache Key Generated: java.lang.String(true)
2017-03-09 02:15:51.039 [main] INFO  s.documentation.spring.web.caching.CachingAspect - Caching aspect applied for cache modelDependencies with key java.lang.String(true)
2017-03-09 02:15:51.039 [main] INFO  s.documentation.spring.web.OperationsKeyGenerator - Cache key generated: /userinfo/insertUserInfo.com.gd.controller.userinfo.UserinfoController.insertUserInfo.DefaultGenericTypeNamingStrategy
2017-03-09 02:15:51.039 [main] INFO  s.documentation.spring.web.caching.CachingAspect - Caching aspect applied for cache operations with key /userinfo/insertUserInfo.com.gd.controller.userinfo.UserinfoController.insertUserInfo.DefaultGenericTypeNamingStrategy
2017-03-09 02:15:51.049 [main] INFO  s.d.s.web.ClassOrApiAnnotationResourceGrouping - Group for method insertUserInfo was userinfo-controller
2017-03-09 02:15:51.051 [main] INFO  s.d.s.web.ClassOrApiAnnotationResourceGrouping - Group for method insertUserInfo was userinfo-controller
2017-03-09 02:15:51.052 [main] INFO  s.documentation.schema.ModelContextKeyGenerator - Cache Key Generated: java.lang.String(true)
2017-03-09 02:15:51.052 [main] INFO  s.documentation.spring.web.caching.CachingAspect - Caching aspect applied for cache models with key java.lang.String(true)
2017-03-09 02:15:51.053 [main] INFO  s.documentation.schema.ModelContextKeyGenerator - Cache Key Generated: java.lang.String(true)
2017-03-09 02:15:51.053 [main] INFO  s.documentation.spring.web.caching.CachingAspect - Caching aspect applied for cache modelDependencies with key java.lang.String(true)
2017-03-09 02:15:51.053 [main] INFO  s.documentation.spring.web.OperationsKeyGenerator - Cache key generated: /userinfo/updateUserInfo.com.gd.controller.userinfo.UserinfoController.updateUserInfo.DefaultGenericTypeNamingStrategy
2017-03-09 02:15:51.053 [main] INFO  s.documentation.spring.web.caching.CachingAspect - Caching aspect applied for cache operations with key /userinfo/updateUserInfo.com.gd.controller.userinfo.UserinfoController.updateUserInfo.DefaultGenericTypeNamingStrategy
2017-03-09 02:15:51.055 [main] INFO  s.d.s.web.ClassOrApiAnnotationResourceGrouping - Group for method updateUserInfo was userinfo-controller
2017-03-09 02:15:51.056 [main] INFO  s.d.s.web.ClassOrApiAnnotationResourceGrouping - Group for method updateUserInfo was userinfo-controller
2017-03-09 02:15:51.071 [main] INFO  application - Initializing Spring FrameworkServlet 'dispatcherServlet'
2017-03-09 02:15:51.072 [main] INFO  org.springframework.web.servlet.DispatcherServlet - FrameworkServlet 'dispatcherServlet': initialization started
2017-03-09 02:15:51.100 [main] INFO  org.springframework.web.servlet.DispatcherServlet - FrameworkServlet 'dispatcherServlet': initialization completed in 28 ms
2017-03-09 02:15:51.122 [main] INFO  org.eclipse.jetty.server.AbstractConnector - Started ServerConnector@24ffe853{HTTP/1.1,[http/1.1]}{0.0.0.0:9090}
2017-03-09 02:15:51.124 [main] INFO  o.s.b.c.e.jetty.JettyEmbeddedServletContainer - Jetty started on port(s) 9090 (http/1.1)
2017-03-09 02:15:51.129 [main] INFO  com.gd.MaApplication - Started MaApplication in 9.354 seconds (JVM running for 9.712)
2017-03-09 02:19:56.207 [qtp43729075-22] INFO  com.alibaba.druid.pool.DruidDataSource - {dataSource-2} inited
2017-03-09 02:19:56.215 [qtp43729075-22] DEBUG com.gd.dao.resource.IResourceDao.queryForObject - ==>  Preparing: SELECT * FROM sys_resource WHERE 1=1 AND URL=? 
2017-03-09 02:19:56.234 [qtp43729075-22] DEBUG com.gd.dao.resource.IResourceDao.queryForObject - ==> Parameters: /userinfo/all(String)
2017-03-09 02:19:56.246 [qtp43729075-22] DEBUG com.gd.dao.resource.IResourceDao.queryForObject - <==      Total: 0
2017-03-09 02:19:56.266 [qtp43729075-22] DEBUG com.gd.dao.userinfo.IUserInfoDao.queryForAllObject - ==>  Preparing: SELECT * FROM sys_userinfo 
2017-03-09 02:19:56.267 [qtp43729075-22] DEBUG com.gd.dao.userinfo.IUserInfoDao.queryForAllObject - ==> Parameters: 
2017-03-09 02:19:56.272 [qtp43729075-22] DEBUG com.gd.dao.userinfo.IUserInfoDao.queryForAllObject - <==      Total: 4
2017-03-09 02:20:06.057 [qtp43729075-24] DEBUG com.gd.dao.resource.IResourceDao.queryForObject - ==>  Preparing: SELECT * FROM sys_resource WHERE 1=1 AND URL=? 
2017-03-09 02:20:06.058 [qtp43729075-24] DEBUG com.gd.dao.resource.IResourceDao.queryForObject - ==> Parameters: /userinfo/all(String)
2017-03-09 02:20:06.058 [qtp43729075-24] DEBUG com.gd.dao.resource.IResourceDao.queryForObject - <==      Total: 0
2017-03-09 02:20:06.060 [qtp43729075-24] DEBUG com.gd.dao.userinfo.IUserInfoDao.queryForAllObject - ==>  Preparing: SELECT * FROM sys_userinfo 
2017-03-09 02:20:06.060 [qtp43729075-24] DEBUG com.gd.dao.userinfo.IUserInfoDao.queryForAllObject - ==> Parameters: 
2017-03-09 02:20:06.062 [qtp43729075-24] DEBUG com.gd.dao.userinfo.IUserInfoDao.queryForAllObject - <==      Total: 4
2017-03-09 02:21:05.122 [qtp43729075-23] DEBUG com.gd.dao.resource.IResourceDao.queryForObject - ==>  Preparing: SELECT * FROM sys_resource WHERE 1=1 AND URL=? 
2017-03-09 02:21:05.123 [qtp43729075-23] DEBUG com.gd.dao.resource.IResourceDao.queryForObject - ==> Parameters: /userinfo/all(String)
2017-03-09 02:21:05.124 [qtp43729075-23] DEBUG com.gd.dao.resource.IResourceDao.queryForObject - <==      Total: 0
2017-03-09 02:21:05.125 [qtp43729075-23] DEBUG com.gd.dao.userinfo.IUserInfoDao.queryForAllObject - ==>  Preparing: SELECT * FROM sys_userinfo 
2017-03-09 02:21:05.125 [qtp43729075-23] DEBUG com.gd.dao.userinfo.IUserInfoDao.queryForAllObject - ==> Parameters: 
2017-03-09 02:21:05.127 [qtp43729075-23] DEBUG com.gd.dao.userinfo.IUserInfoDao.queryForAllObject - <==      Total: 4
2017-03-09 02:25:18.936 [qtp43729075-18] DEBUG com.gd.dao.resource.IResourceDao.queryForObject - ==>  Preparing: SELECT * FROM sys_resource WHERE 1=1 AND URL=? 
2017-03-09 02:25:18.937 [qtp43729075-18] DEBUG com.gd.dao.resource.IResourceDao.queryForObject - ==> Parameters: /userinfo/all(String)
2017-03-09 02:25:18.938 [qtp43729075-18] DEBUG com.gd.dao.resource.IResourceDao.queryForObject - <==      Total: 0
2017-03-09 02:25:18.939 [qtp43729075-18] DEBUG com.gd.dao.userinfo.IUserInfoDao.queryForAllObject - ==>  Preparing: SELECT * FROM sys_userinfo 
2017-03-09 02:25:18.939 [qtp43729075-18] DEBUG com.gd.dao.userinfo.IUserInfoDao.queryForAllObject - ==> Parameters: 
2017-03-09 02:25:18.941 [qtp43729075-18] DEBUG com.gd.dao.userinfo.IUserInfoDao.queryForAllObject - <==      Total: 4
2017-03-09 03:01:15.778 [main] INFO  com.gd.MaApplication - Starting MaApplication on YH-20160825WIPY with PID 585228 (E:\ideaProject\command\target\classes started by Administrator in E:\ideaProject\command)
2017-03-09 03:01:15.782 [main] INFO  com.gd.MaApplication - No active profile set, falling back to default profiles: default
2017-03-09 03:01:15.784 [background-preinit] INFO  org.hibernate.validator.internal.util.Version - HV000001: Hibernate Validator 5.2.4.Final
2017-03-09 03:01:15.901 [main] INFO  o.s.b.c.e.AnnotationConfigEmbeddedWebApplicationContext - Refreshing org.springframework.boot.context.embedded.AnnotationConfigEmbeddedWebApplicationContext@15cafec7: startup date [Thu Mar 09 03:01:15 CST 2017]; root of context hierarchy
2017-03-09 03:01:17.704 [main] INFO  o.s.c.s.PostProcessorRegistrationDelegate$BeanPostProcessorChecker - Bean 'org.springframework.transaction.annotation.ProxyTransactionManagementConfiguration' of type [class org.springframework.transaction.annotation.ProxyTransactionManagementConfiguration$$EnhancerBySpringCGLIB$$f5c53910] is not eligible for getting processed by all BeanPostProcessors (for example: not eligible for auto-proxying)
2017-03-09 03:01:17.926 [main] INFO  o.s.c.s.PostProcessorRegistrationDelegate$BeanPostProcessorChecker - Bean 'org.springframework.cache.annotation.ProxyCachingConfiguration' of type [class org.springframework.cache.annotation.ProxyCachingConfiguration$$EnhancerBySpringCGLIB$$3ed76f2e] is not eligible for getting processed by all BeanPostProcessors (for example: not eligible for auto-proxying)
2017-03-09 03:01:18.651 [main] INFO  org.eclipse.jetty.util.log - Logging initialized @4165ms
2017-03-09 03:01:18.807 [main] INFO  o.s.b.c.e.j.JettyEmbeddedServletContainerFactory - Server initialized with port: 9090
2017-03-09 03:01:18.808 [main] INFO  org.eclipse.jetty.server.Server - jetty-9.3.14.v20161028
2017-03-09 03:01:18.906 [main] INFO  application - Initializing Spring embedded WebApplicationContext
2017-03-09 03:01:18.906 [main] INFO  org.springframework.web.context.ContextLoader - Root WebApplicationContext: initialization completed in 3005 ms
2017-03-09 03:01:19.287 [main] INFO  o.s.boot.web.servlet.FilterRegistrationBean - Mapping filter: 'characterEncodingFilter' to: [/*]
2017-03-09 03:01:19.287 [main] INFO  o.s.boot.web.servlet.FilterRegistrationBean - Mapping filter: 'hiddenHttpMethodFilter' to: [/*]
2017-03-09 03:01:19.287 [main] INFO  o.s.boot.web.servlet.FilterRegistrationBean - Mapping filter: 'httpPutFormContentFilter' to: [/*]
2017-03-09 03:01:19.287 [main] INFO  o.s.boot.web.servlet.FilterRegistrationBean - Mapping filter: 'requestContextFilter' to: [/*]
2017-03-09 03:01:19.289 [main] INFO  o.s.b.w.s.DelegatingFilterProxyRegistrationBean - Mapping filter: 'springSecurityFilterChain' to: [/*]
2017-03-09 03:01:19.289 [main] INFO  o.s.boot.web.servlet.ServletRegistrationBean - Mapping servlet: 'dispatcherServlet' to [/]
2017-03-09 03:01:19.574 [main] INFO  org.eclipse.jetty.server.handler.ContextHandler - Started o.s.b.c.e.j.JettyEmbeddedWebAppContext@3562e7c7{/ma,file:///C:/Users/Administrator/AppData/Local/Temp/jetty-docbase.3492967432636056765.9090/,AVAILABLE}
2017-03-09 03:01:19.574 [main] INFO  org.eclipse.jetty.server.Server - Started @5088ms
2017-03-09 03:01:19.619 [main] INFO  o.s.cache.ehcache.EhCacheManagerFactoryBean - Initializing EhCache CacheManager
2017-03-09 03:01:22.469 [main] INFO  o.s.w.s.m.m.a.RequestMappingHandlerMapping - Mapped "{[/api/hello/hello]}" onto public java.lang.String com.gd.api.HelloController.hello()
2017-03-09 03:01:22.470 [main] INFO  o.s.w.s.m.m.a.RequestMappingHandlerMapping - Mapped "{[/account/all]}" onto public java.lang.String com.gd.controller.account.AccountController.getAllAccounts(java.security.Principal,javax.servlet.http.HttpServletRequest)
2017-03-09 03:01:22.471 [main] INFO  o.s.w.s.m.m.a.RequestMappingHandlerMapping - Mapped "{[/test/hello],methods=[GET]}" onto public java.lang.String com.gd.controller.hello.Hello.index(javax.servlet.http.HttpServletRequest)
2017-03-09 03:01:22.471 [main] INFO  o.s.w.s.m.m.a.RequestMappingHandlerMapping - Mapped "{[/index/login]}" onto public java.lang.String com.gd.controller.IndexController.index()
2017-03-09 03:01:22.473 [main] INFO  o.s.w.s.m.m.a.RequestMappingHandlerMapping - Mapped "{[/userinfo/all]}" onto public java.lang.String com.gd.controller.userinfo.UserinfoController.getAllUserInfo(java.security.Principal,javax.servlet.http.HttpServletRequest,javax.servlet.http.HttpServletResponse)
2017-03-09 03:01:22.473 [main] INFO  o.s.w.s.m.m.a.RequestMappingHandlerMapping - Mapped "{[/userinfo/insertUserInfo],methods=[POST]}" onto public java.lang.String com.gd.controller.userinfo.UserinfoController.insertUserInfo(java.security.Principal,javax.servlet.http.HttpServletRequest,com.gd.domain.userinfo.UserInfo)
2017-03-09 03:01:22.474 [main] INFO  o.s.w.s.m.m.a.RequestMappingHandlerMapping - Mapped "{[/userinfo/updateUserInfo],methods=[POST]}" onto public java.lang.String com.gd.controller.userinfo.UserinfoController.updateUserInfo(java.security.Principal,javax.servlet.http.HttpServletRequest,com.gd.domain.userinfo.UserInfo)
2017-03-09 03:01:22.474 [main] INFO  o.s.w.s.m.m.a.RequestMappingHandlerMapping - Mapped "{[/userinfo/deleteUserInfo],methods=[GET]}" onto public java.lang.String com.gd.controller.userinfo.UserinfoController.deleteUserInfo(java.security.Principal,javax.servlet.http.HttpServletRequest,java.lang.String)
2017-03-09 03:01:22.475 [main] INFO  o.s.w.s.m.m.a.RequestMappingHandlerMapping - Mapped "{[/v2/api-docs],methods=[GET]}" onto public org.springframework.http.ResponseEntity<springfox.documentation.spring.web.json.Json> springfox.documentation.swagger2.web.Swagger2Controller.getDocumentation(java.lang.String)
2017-03-09 03:01:22.477 [main] INFO  o.s.w.s.m.m.a.RequestMappingHandlerMapping - Mapped "{[/configuration/security]}" onto org.springframework.http.ResponseEntity<springfox.documentation.swagger.web.SecurityConfiguration> springfox.documentation.swagger.web.ApiResourceController.securityConfiguration()
2017-03-09 03:01:22.478 [main] INFO  o.s.w.s.m.m.a.RequestMappingHandlerMapping - Mapped "{[/configuration/ui]}" onto org.springframework.http.ResponseEntity<springfox.documentation.swagger.web.UiConfiguration> springfox.documentation.swagger.web.ApiResourceController.uiConfiguration()
2017-03-09 03:01:22.478 [main] INFO  o.s.w.s.m.m.a.RequestMappingHandlerMapping - Mapped "{[/swagger-resources]}" onto org.springframework.http.ResponseEntity<java.util.List<springfox.documentation.swagger.web.SwaggerResource>> springfox.documentation.swagger.web.ApiResourceController.swaggerResources()
2017-03-09 03:01:22.481 [main] INFO  o.s.w.s.m.m.a.RequestMappingHandlerMapping - Mapped "{[/error]}" onto public org.springframework.http.ResponseEntity<java.util.Map<java.lang.String, java.lang.Object>> org.springframework.boot.autoconfigure.web.BasicErrorController.error(javax.servlet.http.HttpServletRequest)
2017-03-09 03:01:22.481 [main] INFO  o.s.w.s.m.m.a.RequestMappingHandlerMapping - Mapped "{[/error],produces=[text/html]}" onto public org.springframework.web.servlet.ModelAndView org.springframework.boot.autoconfigure.web.BasicErrorController.errorHtml(javax.servlet.http.HttpServletRequest,javax.servlet.http.HttpServletResponse)
2017-03-09 03:01:23.076 [main] INFO  o.s.security.web.DefaultSecurityFilterChain - Creating filter chain: Ant [pattern='/swagger-ui.html'], []
2017-03-09 03:01:23.077 [main] INFO  o.s.security.web.DefaultSecurityFilterChain - Creating filter chain: Ant [pattern='/swagger/**'], []
2017-03-09 03:01:23.077 [main] INFO  o.s.security.web.DefaultSecurityFilterChain - Creating filter chain: Ant [pattern='/v2/api-docs'], []
2017-03-09 03:01:23.077 [main] INFO  o.s.security.web.DefaultSecurityFilterChain - Creating filter chain: Ant [pattern='/webjars/**'], []
2017-03-09 03:01:23.077 [main] INFO  o.s.security.web.DefaultSecurityFilterChain - Creating filter chain: Ant [pattern='/swagger-resources/**'], []
2017-03-09 03:01:23.077 [main] INFO  o.s.security.web.DefaultSecurityFilterChain - Creating filter chain: Ant [pattern='/images/**'], []
2017-03-09 03:01:23.077 [main] INFO  o.s.security.web.DefaultSecurityFilterChain - Creating filter chain: Ant [pattern='/configuration/**'], []
2017-03-09 03:01:23.219 [main] INFO  o.s.security.web.DefaultSecurityFilterChain - Creating filter chain: org.springframework.security.web.util.matcher.AnyRequestMatcher@1, [org.springframework.security.web.context.request.async.WebAsyncManagerIntegrationFilter@1df83569, org.springframework.security.web.context.SecurityContextPersistenceFilter@25814d3c, org.springframework.security.web.header.HeaderWriterFilter@193d73d3, org.springframework.security.web.authentication.logout.LogoutFilter@4db10b9f, org.springframework.security.web.authentication.www.BasicAuthenticationFilter@3db3668, org.springframework.security.web.savedrequest.RequestCacheAwareFilter@7a085d02, org.springframework.security.web.servletapi.SecurityContextHolderAwareRequestFilter@4e00723b, org.springframework.security.web.session.SessionManagementFilter@542c6165, org.springframework.security.web.access.ExceptionTranslationFilter@7f38545a, org.springframework.security.web.access.intercept.FilterSecurityInterceptor@1da5635e]
2017-03-09 03:01:23.458 [main] INFO  o.s.w.s.m.m.a.RequestMappingHandlerAdapter - Looking for @ControllerAdvice: org.springframework.boot.context.embedded.AnnotationConfigEmbeddedWebApplicationContext@15cafec7: startup date [Thu Mar 09 03:01:15 CST 2017]; root of context hierarchy
2017-03-09 03:01:23.630 [main] INFO  o.s.web.servlet.handler.SimpleUrlHandlerMapping - Mapped URL path [/webjars/**] onto handler of type [class org.springframework.web.servlet.resource.ResourceHttpRequestHandler]
2017-03-09 03:01:23.630 [main] INFO  o.s.web.servlet.handler.SimpleUrlHandlerMapping - Mapped URL path [/**] onto handler of type [class org.springframework.web.servlet.resource.ResourceHttpRequestHandler]
2017-03-09 03:01:23.711 [main] INFO  o.s.web.servlet.handler.SimpleUrlHandlerMapping - Mapped URL path [/**/favicon.ico] onto handler of type [class org.springframework.web.servlet.resource.ResourceHttpRequestHandler]
2017-03-09 03:01:24.173 [main] INFO  o.s.ui.freemarker.SpringTemplateLoader - SpringTemplateLoader for FreeMarker: using resource loader [org.springframework.boot.context.embedded.AnnotationConfigEmbeddedWebApplicationContext@15cafec7: startup date [Thu Mar 09 03:01:15 CST 2017]; root of context hierarchy] and template loader path [classpath:/templates/]
2017-03-09 03:01:24.174 [main] INFO  o.s.w.servlet.view.freemarker.FreeMarkerConfigurer - ClassTemplateLoader for Spring macros added to FreeMarker configuration
2017-03-09 03:01:24.517 [main] WARN  o.s.b.a.freemarker.FreeMarkerAutoConfiguration - Cannot find template location(s): [classpath:/templates/] (please add some templates, check your FreeMarker configuration, or set spring.freemarker.checkTemplateLocation=false)
2017-03-09 03:01:25.129 [main] INFO  o.s.jmx.export.annotation.AnnotationMBeanExporter - Registering beans for JMX exposure on startup
2017-03-09 03:01:25.130 [main] INFO  o.s.jmx.export.annotation.AnnotationMBeanExporter - Bean with name 'dataSource' has been autodetected for JMX exposure
2017-03-09 03:01:25.139 [main] INFO  o.s.jmx.export.annotation.AnnotationMBeanExporter - Located MBean 'dataSource': registering with JMX server as MBean [com.alibaba.druid.pool:name=dataSource,type=DruidDataSource]
2017-03-09 03:01:25.150 [main] INFO  s.d.s.web.plugins.DocumentationPluginsBootstrapper - Context refreshed
2017-03-09 03:01:25.172 [main] INFO  s.d.s.web.plugins.DocumentationPluginsBootstrapper - Found {0} custom documentation plugin(s)
2017-03-09 03:01:25.180 [main] INFO  s.d.spring.web.scanners.ApiListingReferenceScanner - Scanning for api listing references
2017-03-09 03:01:25.184 [main] INFO  s.d.s.web.ClassOrApiAnnotationResourceGrouping - Group for method getAllAccounts was account-controller
2017-03-09 03:01:25.186 [main] INFO  s.d.spring.web.scanners.ApiListingReferenceScanner - Request mapping: getAllAccounts belongs to groups: [[ResourceGroup{groupName='account-controller', position=0, controller=com.gd.controller.account.AccountController}]] 
2017-03-09 03:01:25.187 [main] INFO  s.d.s.web.ClassOrApiAnnotationResourceGrouping - Group for method index was index-controller
2017-03-09 03:01:25.187 [main] INFO  s.d.spring.web.scanners.ApiListingReferenceScanner - Request mapping: index belongs to groups: [[ResourceGroup{groupName='index-controller', position=0, controller=com.gd.controller.IndexController}]] 
2017-03-09 03:01:25.187 [main] INFO  s.d.s.web.ClassOrApiAnnotationResourceGrouping - Group for method getAllUserInfo was userinfo-controller
2017-03-09 03:01:25.187 [main] INFO  s.d.spring.web.scanners.ApiListingReferenceScanner - Request mapping: getAllUserInfo belongs to groups: [[ResourceGroup{groupName='userinfo-controller', position=0, controller=com.gd.controller.userinfo.UserinfoController}]] 
2017-03-09 03:01:25.188 [main] INFO  s.d.s.web.ClassOrApiAnnotationResourceGrouping - Group for method deleteUserInfo was userinfo-controller
2017-03-09 03:01:25.188 [main] INFO  s.d.spring.web.scanners.ApiListingReferenceScanner - Request mapping: deleteUserInfo belongs to groups: [[ResourceGroup{groupName='userinfo-controller', position=0, controller=com.gd.controller.userinfo.UserinfoController}]] 
2017-03-09 03:01:25.188 [main] INFO  s.d.s.web.ClassOrApiAnnotationResourceGrouping - Group for method insertUserInfo was userinfo-controller
2017-03-09 03:01:25.188 [main] INFO  s.d.spring.web.scanners.ApiListingReferenceScanner - Request mapping: insertUserInfo belongs to groups: [[ResourceGroup{groupName='userinfo-controller', position=0, controller=com.gd.controller.userinfo.UserinfoController}]] 
2017-03-09 03:01:25.188 [main] INFO  s.d.s.web.ClassOrApiAnnotationResourceGrouping - Group for method updateUserInfo was userinfo-controller
2017-03-09 03:01:25.189 [main] INFO  s.d.spring.web.scanners.ApiListingReferenceScanner - Request mapping: updateUserInfo belongs to groups: [[ResourceGroup{groupName='userinfo-controller', position=0, controller=com.gd.controller.userinfo.UserinfoController}]] 
2017-03-09 03:01:25.191 [main] INFO  s.d.spring.web.scanners.ApiListingReferenceScanner - Created resource listing Path: /default/userinfo-controller Description: userinfo-controller Position: 0
2017-03-09 03:01:25.192 [main] INFO  s.d.spring.web.scanners.ApiListingReferenceScanner - Created resource listing Path: /default/index-controller Description: index-controller Position: 0
2017-03-09 03:01:25.193 [main] INFO  s.d.spring.web.scanners.ApiListingReferenceScanner - Created resource listing Path: /default/account-controller Description: account-controller Position: 0
2017-03-09 03:01:25.209 [main] INFO  s.documentation.schema.ModelContextKeyGenerator - Cache Key Generated: java.lang.String(true)
2017-03-09 03:01:25.209 [main] INFO  s.documentation.spring.web.caching.CachingAspect - Caching aspect applied for cache models with key java.lang.String(true)
2017-03-09 03:01:25.217 [main] INFO  s.documentation.schema.ModelContextKeyGenerator - Cache Key Generated: java.lang.String(true)
2017-03-09 03:01:25.217 [main] INFO  s.documentation.spring.web.caching.CachingAspect - Caching aspect applied for cache modelDependencies with key java.lang.String(true)
2017-03-09 03:01:25.224 [main] INFO  s.documentation.spring.web.OperationsKeyGenerator - Cache key generated: /account/all.com.gd.controller.account.AccountController.getAllAccounts.DefaultGenericTypeNamingStrategy
2017-03-09 03:01:25.224 [main] INFO  s.documentation.spring.web.caching.CachingAspect - Caching aspect applied for cache operations with key /account/all.com.gd.controller.account.AccountController.getAllAccounts.DefaultGenericTypeNamingStrategy
2017-03-09 03:01:25.241 [main] INFO  s.d.s.web.ClassOrApiAnnotationResourceGrouping - Group for method getAllAccounts was account-controller
2017-03-09 03:01:25.258 [main] INFO  s.d.s.web.ClassOrApiAnnotationResourceGrouping - Group for method getAllAccounts was account-controller
2017-03-09 03:01:25.264 [main] INFO  s.d.s.web.ClassOrApiAnnotationResourceGrouping - Group for method getAllAccounts was account-controller
2017-03-09 03:01:25.264 [main] INFO  s.d.s.web.ClassOrApiAnnotationResourceGrouping - Group for method getAllAccounts was account-controller
2017-03-09 03:01:25.265 [main] INFO  s.d.s.w.r.operation.CachingOperationNameGenerator - Generating unique operation named: getAllAccountsUsingGET_1
2017-03-09 03:01:25.266 [main] INFO  s.d.s.web.ClassOrApiAnnotationResourceGrouping - Group for method getAllAccounts was account-controller
2017-03-09 03:01:25.267 [main] INFO  s.d.s.web.ClassOrApiAnnotationResourceGrouping - Group for method getAllAccounts was account-controller
2017-03-09 03:01:25.267 [main] INFO  s.d.s.w.r.operation.CachingOperationNameGenerator - Generating unique operation named: getAllAccountsUsingGET_2
2017-03-09 03:01:25.268 [main] INFO  s.d.s.web.ClassOrApiAnnotationResourceGrouping - Group for method getAllAccounts was account-controller
2017-03-09 03:01:25.269 [main] INFO  s.d.s.web.ClassOrApiAnnotationResourceGrouping - Group for method getAllAccounts was account-controller
2017-03-09 03:01:25.269 [main] INFO  s.d.s.w.r.operation.CachingOperationNameGenerator - Generating unique operation named: getAllAccountsUsingGET_3
2017-03-09 03:01:25.270 [main] INFO  s.d.s.web.ClassOrApiAnnotationResourceGrouping - Group for method getAllAccounts was account-controller
2017-03-09 03:01:25.271 [main] INFO  s.d.s.web.ClassOrApiAnnotationResourceGrouping - Group for method getAllAccounts was account-controller
2017-03-09 03:01:25.271 [main] INFO  s.d.s.w.r.operation.CachingOperationNameGenerator - Generating unique operation named: getAllAccountsUsingGET_4
2017-03-09 03:01:25.272 [main] INFO  s.d.s.web.ClassOrApiAnnotationResourceGrouping - Group for method getAllAccounts was account-controller
2017-03-09 03:01:25.273 [main] INFO  s.d.s.web.ClassOrApiAnnotationResourceGrouping - Group for method getAllAccounts was account-controller
2017-03-09 03:01:25.273 [main] INFO  s.d.s.w.r.operation.CachingOperationNameGenerator - Generating unique operation named: getAllAccountsUsingGET_5
2017-03-09 03:01:25.275 [main] INFO  s.d.s.web.ClassOrApiAnnotationResourceGrouping - Group for method getAllAccounts was account-controller
2017-03-09 03:01:25.276 [main] INFO  s.d.s.web.ClassOrApiAnnotationResourceGrouping - Group for method getAllAccounts was account-controller
2017-03-09 03:01:25.276 [main] INFO  s.d.s.w.r.operation.CachingOperationNameGenerator - Generating unique operation named: getAllAccountsUsingGET_6
2017-03-09 03:01:25.277 [main] INFO  s.d.s.web.ClassOrApiAnnotationResourceGrouping - Group for method getAllAccounts was account-controller
2017-03-09 03:01:25.278 [main] INFO  s.d.s.web.ClassOrApiAnnotationResourceGrouping - Group for method getAllAccounts was account-controller
2017-03-09 03:01:25.278 [main] INFO  s.d.s.w.r.operation.CachingOperationNameGenerator - Generating unique operation named: getAllAccountsUsingGET_7
2017-03-09 03:01:25.285 [main] INFO  s.documentation.schema.ModelContextKeyGenerator - Cache Key Generated: java.lang.String(true)
2017-03-09 03:01:25.285 [main] INFO  s.documentation.spring.web.caching.CachingAspect - Caching aspect applied for cache models with key java.lang.String(true)
2017-03-09 03:01:25.285 [main] INFO  s.documentation.schema.ModelContextKeyGenerator - Cache Key Generated: java.lang.String(true)
2017-03-09 03:01:25.285 [main] INFO  s.documentation.spring.web.caching.CachingAspect - Caching aspect applied for cache modelDependencies with key java.lang.String(true)
2017-03-09 03:01:25.285 [main] INFO  s.documentation.spring.web.OperationsKeyGenerator - Cache key generated: /index/login.com.gd.controller.IndexController.index.DefaultGenericTypeNamingStrategy
2017-03-09 03:01:25.285 [main] INFO  s.documentation.spring.web.caching.CachingAspect - Caching aspect applied for cache operations with key /index/login.com.gd.controller.IndexController.index.DefaultGenericTypeNamingStrategy
2017-03-09 03:01:25.286 [main] INFO  s.d.s.web.ClassOrApiAnnotationResourceGrouping - Group for method index was index-controller
2017-03-09 03:01:25.287 [main] INFO  s.d.s.web.ClassOrApiAnnotationResourceGrouping - Group for method index was index-controller
2017-03-09 03:01:25.287 [main] INFO  s.d.s.web.ClassOrApiAnnotationResourceGrouping - Group for method index was index-controller
2017-03-09 03:01:25.288 [main] INFO  s.d.s.web.ClassOrApiAnnotationResourceGrouping - Group for method index was index-controller
2017-03-09 03:01:25.288 [main] INFO  s.d.s.web.ClassOrApiAnnotationResourceGrouping - Group for method index was index-controller
2017-03-09 03:01:25.289 [main] INFO  s.d.s.web.ClassOrApiAnnotationResourceGrouping - Group for method index was index-controller
2017-03-09 03:01:25.290 [main] INFO  s.d.s.web.ClassOrApiAnnotationResourceGrouping - Group for method index was index-controller
2017-03-09 03:01:25.290 [main] INFO  s.d.s.web.ClassOrApiAnnotationResourceGrouping - Group for method index was index-controller
2017-03-09 03:01:25.291 [main] INFO  s.d.s.web.ClassOrApiAnnotationResourceGrouping - Group for method index was index-controller
2017-03-09 03:01:25.291 [main] INFO  s.d.s.web.ClassOrApiAnnotationResourceGrouping - Group for method index was index-controller
2017-03-09 03:01:25.292 [main] INFO  s.d.s.web.ClassOrApiAnnotationResourceGrouping - Group for method index was index-controller
2017-03-09 03:01:25.292 [main] INFO  s.d.s.web.ClassOrApiAnnotationResourceGrouping - Group for method index was index-controller
2017-03-09 03:01:25.293 [main] INFO  s.d.s.web.ClassOrApiAnnotationResourceGrouping - Group for method index was index-controller
2017-03-09 03:01:25.293 [main] INFO  s.d.s.web.ClassOrApiAnnotationResourceGrouping - Group for method index was index-controller
2017-03-09 03:01:25.294 [main] INFO  s.d.s.web.ClassOrApiAnnotationResourceGrouping - Group for method index was index-controller
2017-03-09 03:01:25.294 [main] INFO  s.d.s.web.ClassOrApiAnnotationResourceGrouping - Group for method index was index-controller
2017-03-09 03:01:25.299 [main] INFO  s.documentation.schema.ModelContextKeyGenerator - Cache Key Generated: java.lang.String(true)
2017-03-09 03:01:25.299 [main] INFO  s.documentation.spring.web.caching.CachingAspect - Caching aspect applied for cache models with key java.lang.String(true)
2017-03-09 03:01:25.299 [main] INFO  s.documentation.schema.ModelContextKeyGenerator - Cache Key Generated: java.lang.String(true)
2017-03-09 03:01:25.299 [main] INFO  s.documentation.spring.web.caching.CachingAspect - Caching aspect applied for cache modelDependencies with key java.lang.String(true)
2017-03-09 03:01:25.300 [main] INFO  s.documentation.spring.web.OperationsKeyGenerator - Cache key generated: /userinfo/deleteUserInfo.com.gd.controller.userinfo.UserinfoController.deleteUserInfo.DefaultGenericTypeNamingStrategy
2017-03-09 03:01:25.300 [main] INFO  s.documentation.spring.web.caching.CachingAspect - Caching aspect applied for cache operations with key /userinfo/deleteUserInfo.com.gd.controller.userinfo.UserinfoController.deleteUserInfo.DefaultGenericTypeNamingStrategy
2017-03-09 03:01:25.304 [main] INFO  s.d.s.web.ClassOrApiAnnotationResourceGrouping - Group for method deleteUserInfo was userinfo-controller
2017-03-09 03:01:25.306 [main] INFO  s.d.s.web.ClassOrApiAnnotationResourceGrouping - Group for method deleteUserInfo was userinfo-controller
2017-03-09 03:01:25.307 [main] INFO  s.documentation.schema.ModelContextKeyGenerator - Cache Key Generated: java.lang.String(true)
2017-03-09 03:01:25.307 [main] INFO  s.documentation.spring.web.caching.CachingAspect - Caching aspect applied for cache models with key java.lang.String(true)
2017-03-09 03:01:25.307 [main] INFO  s.documentation.schema.ModelContextKeyGenerator - Cache Key Generated: java.lang.String(true)
2017-03-09 03:01:25.308 [main] INFO  s.documentation.spring.web.caching.CachingAspect - Caching aspect applied for cache modelDependencies with key java.lang.String(true)
2017-03-09 03:01:25.308 [main] INFO  s.documentation.spring.web.OperationsKeyGenerator - Cache key generated: /userinfo/all.com.gd.controller.userinfo.UserinfoController.getAllUserInfo.DefaultGenericTypeNamingStrategy
2017-03-09 03:01:25.308 [main] INFO  s.documentation.spring.web.caching.CachingAspect - Caching aspect applied for cache operations with key /userinfo/all.com.gd.controller.userinfo.UserinfoController.getAllUserInfo.DefaultGenericTypeNamingStrategy
2017-03-09 03:01:25.309 [main] INFO  s.d.s.web.ClassOrApiAnnotationResourceGrouping - Group for method getAllUserInfo was userinfo-controller
2017-03-09 03:01:25.310 [main] INFO  s.d.s.web.ClassOrApiAnnotationResourceGrouping - Group for method getAllUserInfo was userinfo-controller
2017-03-09 03:01:25.312 [main] INFO  s.d.s.web.ClassOrApiAnnotationResourceGrouping - Group for method getAllUserInfo was userinfo-controller
2017-03-09 03:01:25.312 [main] INFO  s.d.s.web.ClassOrApiAnnotationResourceGrouping - Group for method getAllUserInfo was userinfo-controller
2017-03-09 03:01:25.313 [main] INFO  s.d.s.w.r.operation.CachingOperationNameGenerator - Generating unique operation named: getAllUserInfoUsingGET_1
2017-03-09 03:01:25.314 [main] INFO  s.d.s.web.ClassOrApiAnnotationResourceGrouping - Group for method getAllUserInfo was userinfo-controller
2017-03-09 03:01:25.315 [main] INFO  s.d.s.web.ClassOrApiAnnotationResourceGrouping - Group for method getAllUserInfo was userinfo-controller
2017-03-09 03:01:25.315 [main] INFO  s.d.s.w.r.operation.CachingOperationNameGenerator - Generating unique operation named: getAllUserInfoUsingGET_2
2017-03-09 03:01:25.316 [main] INFO  s.d.s.web.ClassOrApiAnnotationResourceGrouping - Group for method getAllUserInfo was userinfo-controller
2017-03-09 03:01:25.317 [main] INFO  s.d.s.web.ClassOrApiAnnotationResourceGrouping - Group for method getAllUserInfo was userinfo-controller
2017-03-09 03:01:25.317 [main] INFO  s.d.s.w.r.operation.CachingOperationNameGenerator - Generating unique operation named: getAllUserInfoUsingGET_3
2017-03-09 03:01:25.318 [main] INFO  s.d.s.web.ClassOrApiAnnotationResourceGrouping - Group for method getAllUserInfo was userinfo-controller
2017-03-09 03:01:25.320 [main] INFO  s.d.s.web.ClassOrApiAnnotationResourceGrouping - Group for method getAllUserInfo was userinfo-controller
2017-03-09 03:01:25.320 [main] INFO  s.d.s.w.r.operation.CachingOperationNameGenerator - Generating unique operation named: getAllUserInfoUsingGET_4
2017-03-09 03:01:25.321 [main] INFO  s.d.s.web.ClassOrApiAnnotationResourceGrouping - Group for method getAllUserInfo was userinfo-controller
2017-03-09 03:01:25.322 [main] INFO  s.d.s.web.ClassOrApiAnnotationResourceGrouping - Group for method getAllUserInfo was userinfo-controller
2017-03-09 03:01:25.323 [main] INFO  s.d.s.w.r.operation.CachingOperationNameGenerator - Generating unique operation named: getAllUserInfoUsingGET_5
2017-03-09 03:01:25.324 [main] INFO  s.d.s.web.ClassOrApiAnnotationResourceGrouping - Group for method getAllUserInfo was userinfo-controller
2017-03-09 03:01:25.324 [main] INFO  s.d.s.web.ClassOrApiAnnotationResourceGrouping - Group for method getAllUserInfo was userinfo-controller
2017-03-09 03:01:25.325 [main] INFO  s.d.s.w.r.operation.CachingOperationNameGenerator - Generating unique operation named: getAllUserInfoUsingGET_6
2017-03-09 03:01:25.326 [main] INFO  s.d.s.web.ClassOrApiAnnotationResourceGrouping - Group for method getAllUserInfo was userinfo-controller
2017-03-09 03:01:25.327 [main] INFO  s.d.s.web.ClassOrApiAnnotationResourceGrouping - Group for method getAllUserInfo was userinfo-controller
2017-03-09 03:01:25.327 [main] INFO  s.d.s.w.r.operation.CachingOperationNameGenerator - Generating unique operation named: getAllUserInfoUsingGET_7
2017-03-09 03:01:25.328 [main] INFO  s.documentation.schema.ModelContextKeyGenerator - Cache Key Generated: java.lang.String(true)
2017-03-09 03:01:25.328 [main] INFO  s.documentation.spring.web.caching.CachingAspect - Caching aspect applied for cache models with key java.lang.String(true)
2017-03-09 03:01:25.328 [main] INFO  s.documentation.schema.ModelContextKeyGenerator - Cache Key Generated: java.lang.String(true)
2017-03-09 03:01:25.328 [main] INFO  s.documentation.spring.web.caching.CachingAspect - Caching aspect applied for cache modelDependencies with key java.lang.String(true)
2017-03-09 03:01:25.328 [main] INFO  s.documentation.spring.web.OperationsKeyGenerator - Cache key generated: /userinfo/insertUserInfo.com.gd.controller.userinfo.UserinfoController.insertUserInfo.DefaultGenericTypeNamingStrategy
2017-03-09 03:01:25.328 [main] INFO  s.documentation.spring.web.caching.CachingAspect - Caching aspect applied for cache operations with key /userinfo/insertUserInfo.com.gd.controller.userinfo.UserinfoController.insertUserInfo.DefaultGenericTypeNamingStrategy
2017-03-09 03:01:25.339 [main] INFO  s.d.s.web.ClassOrApiAnnotationResourceGrouping - Group for method insertUserInfo was userinfo-controller
2017-03-09 03:01:25.340 [main] INFO  s.d.s.web.ClassOrApiAnnotationResourceGrouping - Group for method insertUserInfo was userinfo-controller
2017-03-09 03:01:25.342 [main] INFO  s.documentation.schema.ModelContextKeyGenerator - Cache Key Generated: java.lang.String(true)
2017-03-09 03:01:25.342 [main] INFO  s.documentation.spring.web.caching.CachingAspect - Caching aspect applied for cache models with key java.lang.String(true)
2017-03-09 03:01:25.342 [main] INFO  s.documentation.schema.ModelContextKeyGenerator - Cache Key Generated: java.lang.String(true)
2017-03-09 03:01:25.342 [main] INFO  s.documentation.spring.web.caching.CachingAspect - Caching aspect applied for cache modelDependencies with key java.lang.String(true)
2017-03-09 03:01:25.342 [main] INFO  s.documentation.spring.web.OperationsKeyGenerator - Cache key generated: /userinfo/updateUserInfo.com.gd.controller.userinfo.UserinfoController.updateUserInfo.DefaultGenericTypeNamingStrategy
2017-03-09 03:01:25.342 [main] INFO  s.documentation.spring.web.caching.CachingAspect - Caching aspect applied for cache operations with key /userinfo/updateUserInfo.com.gd.controller.userinfo.UserinfoController.updateUserInfo.DefaultGenericTypeNamingStrategy
2017-03-09 03:01:25.344 [main] INFO  s.d.s.web.ClassOrApiAnnotationResourceGrouping - Group for method updateUserInfo was userinfo-controller
2017-03-09 03:01:25.345 [main] INFO  s.d.s.web.ClassOrApiAnnotationResourceGrouping - Group for method updateUserInfo was userinfo-controller
2017-03-09 03:01:25.361 [main] INFO  application - Initializing Spring FrameworkServlet 'dispatcherServlet'
2017-03-09 03:01:25.361 [main] INFO  org.springframework.web.servlet.DispatcherServlet - FrameworkServlet 'dispatcherServlet': initialization started
2017-03-09 03:01:25.394 [main] INFO  org.springframework.web.servlet.DispatcherServlet - FrameworkServlet 'dispatcherServlet': initialization completed in 33 ms
2017-03-09 03:01:25.420 [main] INFO  org.eclipse.jetty.server.AbstractConnector - Started ServerConnector@5a13416{HTTP/1.1,[http/1.1]}{0.0.0.0:9090}
2017-03-09 03:01:25.423 [main] INFO  o.s.b.c.e.jetty.JettyEmbeddedServletContainer - Jetty started on port(s) 9090 (http/1.1)
2017-03-09 03:01:25.429 [main] INFO  com.gd.MaApplication - Started MaApplication in 10.541 seconds (JVM running for 10.943)
2017-03-09 03:01:45.206 [qtp1843674049-27] INFO  com.alibaba.druid.pool.DruidDataSource - {dataSource-2} inited
2017-03-09 03:01:45.215 [qtp1843674049-27] DEBUG com.gd.dao.resource.IResourceDao.queryForObject - ==>  Preparing: SELECT * FROM sys_resource WHERE 1=1 AND URL=? 
2017-03-09 03:01:45.235 [qtp1843674049-27] DEBUG com.gd.dao.resource.IResourceDao.queryForObject - ==> Parameters: /account/all(String)
2017-03-09 03:01:45.248 [qtp1843674049-27] DEBUG com.gd.dao.resource.IResourceDao.queryForObject - <==      Total: 1
2017-03-09 03:01:45.257 [qtp1843674049-27] DEBUG c.g.d.r.IResourceAuthorityDao.queryForObject - ==>  Preparing: SELECT * FROM sys_resource_authority WHERE 1=1 AND RESOURCEID=? 
2017-03-09 03:01:45.257 [qtp1843674049-27] DEBUG c.g.d.r.IResourceAuthorityDao.queryForObject - ==> Parameters: 1(String)
2017-03-09 03:01:45.258 [qtp1843674049-27] DEBUG c.g.d.r.IResourceAuthorityDao.queryForObject - <==      Total: 1
2017-03-09 03:01:59.887 [qtp1843674049-37] DEBUG com.gd.dao.account.IAccountDao.queryForObject - ==>  Preparing: SELECT * FROM sys_account WHERE 1=1 AND USERNAME=? 
2017-03-09 03:01:59.888 [qtp1843674049-37] DEBUG com.gd.dao.account.IAccountDao.queryForObject - ==> Parameters: admin(String)
2017-03-09 03:01:59.889 [qtp1843674049-37] DEBUG com.gd.dao.account.IAccountDao.queryForObject - <==      Total: 1
2017-03-09 03:02:09.628 [qtp1843674049-37] DEBUG com.gd.dao.account.IAccountDao.queryForObject - ==>  Preparing: SELECT * FROM sys_account WHERE 1=1 AND USERNAME=? 
2017-03-09 03:02:09.629 [qtp1843674049-37] DEBUG com.gd.dao.account.IAccountDao.queryForObject - ==> Parameters: admin(String)
2017-03-09 03:02:09.629 [qtp1843674049-37] DEBUG com.gd.dao.account.IAccountDao.queryForObject - <==      Total: 1
2017-03-09 03:02:09.631 [qtp1843674049-37] DEBUG com.gd.dao.account.IAccountDao.queryForAuthorities - ==>  Preparing: SELECT * FROM v_account_authority WHERE 1=1 AND USERNAME=? 
2017-03-09 03:02:09.631 [qtp1843674049-37] DEBUG com.gd.dao.account.IAccountDao.queryForAuthorities - ==> Parameters: admin(String)
2017-03-09 03:02:09.632 [qtp1843674049-37] DEBUG com.gd.dao.account.IAccountDao.queryForAuthorities - <==      Total: 1
2017-03-09 03:03:30.078 [qtp1843674049-37] DEBUG com.gd.dao.resource.IResourceDao.queryForObject - ==>  Preparing: SELECT * FROM sys_resource WHERE 1=1 AND URL=? 
2017-03-09 03:03:30.079 [qtp1843674049-37] DEBUG com.gd.dao.resource.IResourceDao.queryForObject - ==> Parameters: /account/all(String)
2017-03-09 03:03:30.080 [qtp1843674049-37] DEBUG com.gd.dao.resource.IResourceDao.queryForObject - <==      Total: 1
2017-03-09 03:03:30.080 [qtp1843674049-37] DEBUG c.g.d.r.IResourceAuthorityDao.queryForObject - ==>  Preparing: SELECT * FROM sys_resource_authority WHERE 1=1 AND RESOURCEID=? 
2017-03-09 03:03:30.081 [qtp1843674049-37] DEBUG c.g.d.r.IResourceAuthorityDao.queryForObject - ==> Parameters: 1(String)
2017-03-09 03:03:30.081 [qtp1843674049-37] DEBUG c.g.d.r.IResourceAuthorityDao.queryForObject - <==      Total: 1
2017-03-09 03:03:30.112 [qtp1843674049-37] DEBUG com.gd.dao.account.IAccountDao.queryForObject - ==>  Preparing: SELECT * FROM sys_account WHERE 1=1 AND USERNAME=? 
2017-03-09 03:03:30.113 [qtp1843674049-37] DEBUG com.gd.dao.account.IAccountDao.queryForObject - ==> Parameters: admin(String)
2017-03-09 03:03:30.114 [qtp1843674049-37] DEBUG com.gd.dao.account.IAccountDao.queryForObject - <==      Total: 1
2017-03-09 03:03:30.114 [qtp1843674049-37] DEBUG com.gd.dao.account.IAccountDao.queryForAllObject - ==>  Preparing: SELECT * FROM sys_account 
2017-03-09 03:03:30.115 [qtp1843674049-37] DEBUG com.gd.dao.account.IAccountDao.queryForAllObject - ==> Parameters: 
2017-03-09 03:03:30.115 [qtp1843674049-37] DEBUG com.gd.dao.account.IAccountDao.queryForAllObject - <==      Total: 1
2017-03-09 03:03:30.119 [qtp1843674049-37] INFO  com.gd.aop.LogAop - {"result":"{\"code\":\"0000\",\"data\":[{\"username\":\"admin\",\"password\":\"b4f224455bf6969f42028d7fea91d21e\",\"salt\":\"123456\",\"id\":\"1\"}]}","method":"getAllAccounts","ip":"0:0:0:0:0:0:0:1","operName":"","param_1:":"SecurityContextHolderAwareRequestWrapper[ org.springframework.security.web.savedrequest.SavedRequestAwareWrapper@208af4bb]","time":"2017-03-09 03:03:30","param_0:":"org.springframework.security.authentication.UsernamePasswordAuthenticationToken@584196e: Principal: com.gd.domain.saltuser.SaltUser@586034f: Username: admin; Password: [PROTECTED]; Enabled: true; AccountNonExpired: true; credentialsNonExpired: true; AccountNonLocked: true; Granted Authorities: 1; Credentials: [PROTECTED]; Authenticated: true; Details: org.springframework.security.web.authentication.WebAuthenticationDetails@fffde5d4: RemoteIpAddress: 0:0:0:0:0:0:0:1; SessionId: pbfxf90zpvna13svefun4k9n1; Granted Authorities: 1","username":"admin"}
